CRITICAL - 2022-10-20 00:00:19 --> DateTime::modify(): Failed to parse time string (first month of this year) at position 12 (o): The timezone could not be found in the database
in APPPATH\Controllers\Statistics.php on line 302.
 1 [internal function]: CodeIgniter\Debug\Exceptions->errorHandler(2, 'DateTime::modify(): Failed to parse time string (first month of this year) at position 12 (o): The timezone could not be found in the database', 'APPPATH\\Controllers\\Statistics.php', 302, [...])
 2 APPPATH\Controllers\Statistics.php(302): DateTime->modify('first month of this year')
 3 APPPATH\Controllers\Statistics.php(138): App\Controllers\Statistics->showYear()
 4 SYSTEMPATH\CodeIgniter.php(904): App\Controllers\Statistics->button_filter()
 5 SYSTEMPATH\CodeIgniter.php(457): CodeIgniter\CodeIgniter->runController(Object(App\Controllers\Statistics))
 6 SYSTEMPATH\CodeIgniter.php(340): CodeIgniter\CodeIgniter->handleRequest(null, Object(Config\Cache), false)
 7 FCPATH\index.php(67): CodeIgniter\CodeIgniter->run()
CRITICAL - 2022-10-20 00:13:36 --> Undefined variable: dataPoints
in APPPATH\Views\scripts\Statistics.php on line 23.
 1 APPPATH\Views\scripts\Statistics.php(23): CodeIgniter\Debug\Exceptions->errorHandler(8, 'Undefined variable: dataPoints', 'APPPATH\\Views\\scripts\\Statistics.php', 23, [...])
 2 SYSTEMPATH\View\View.php(213): include('APPPATH\\Views\\scripts\\Statistics.php')
 3 SYSTEMPATH\View\View.php(216): CodeIgniter\View\View->CodeIgniter\View\{closure}()
 4 SYSTEMPATH\Common.php(1137): CodeIgniter\View\View->render('scripts/statistics', [], true)
 5 APPPATH\Controllers\Statistics.php(313): view('scripts/statistics')
 6 APPPATH\Controllers\Statistics.php(138): App\Controllers\Statistics->showYear()
 7 SYSTEMPATH\CodeIgniter.php(904): App\Controllers\Statistics->button_filter()
 8 SYSTEMPATH\CodeIgniter.php(457): CodeIgniter\CodeIgniter->runController(Object(App\Controllers\Statistics))
 9 SYSTEMPATH\CodeIgniter.php(340): CodeIgniter\CodeIgniter->handleRequest(null, Object(Config\Cache), false)
10 FCPATH\index.php(67): CodeIgniter\CodeIgniter->run()
