CRITICAL - 2022-10-24 09:51:27 --> syntax error, unexpected '=>' (T_DOUBLE_ARROW), expecting ']'
in APPPATH\Config\Database.php on line 36.
 1 SYSTEMPATH\Autoloader\Autoloader.php(259): CodeIgniter\Autoloader\Autoloader->includeFile('APPPATH\\Config\\Database.php')
 2 SYSTEMPATH\Autoloader\Autoloader.php(237): CodeIgniter\Autoloader\Autoloader->loadInNamespace('Config\\Database')
 3 [internal function]: CodeIgniter\Autoloader\Autoloader->loadClass('Config\\Database')
 4 SYSTEMPATH\Debug\Toolbar\Collectors\Database.php(249): spl_autoload_call('Config\\Database')
 5 SYSTEMPATH\Debug\Toolbar\Collectors\Database.php(69): CodeIgniter\Debug\Toolbar\Collectors\Database->getConnections()
 6 SYSTEMPATH\Debug\Toolbar.php(65): CodeIgniter\Debug\Toolbar\Collectors\Database->__construct()
 7 SYSTEMPATH\Config\Services.php(714): CodeIgniter\Debug\Toolbar->__construct(Object(Config\Toolbar))
 8 SYSTEMPATH\Config\BaseService.php(253): CodeIgniter\Config\Services::toolbar(Object(Config\Toolbar), false)
 9 SYSTEMPATH\Config\BaseService.php(194): CodeIgniter\Config\BaseService::__callStatic('toolbar', [...])
10 SYSTEMPATH\Config\Services.php(709): CodeIgniter\Config\BaseService::getSharedInstance('toolbar', null)
11 SYSTEMPATH\Config\BaseService.php(253): CodeIgniter\Config\Services::toolbar()
12 APPPATH\Config\Events.php(46): CodeIgniter\Config\BaseService::__callStatic('toolbar', [])
13 SYSTEMPATH\Events\Events.php(149): CodeIgniter\Events\Events::Config\{closure}()
14 SYSTEMPATH\CodeIgniter.php(317): CodeIgniter\Events\Events::trigger('pre_system')
15 FCPATH\index.php(67): CodeIgniter\CodeIgniter->run()
CRITICAL - 2022-10-24 09:51:38 --> syntax error, unexpected ''username'' (T_CONSTANT_ENCAPSED_STRING), expecting ']'
in APPPATH\Config\Database.php on line 36.
 1 SYSTEMPATH\Autoloader\Autoloader.php(259): CodeIgniter\Autoloader\Autoloader->includeFile('APPPATH\\Config\\Database.php')
 2 SYSTEMPATH\Autoloader\Autoloader.php(237): CodeIgniter\Autoloader\Autoloader->loadInNamespace('Config\\Database')
 3 [internal function]: CodeIgniter\Autoloader\Autoloader->loadClass('Config\\Database')
 4 SYSTEMPATH\Debug\Toolbar\Collectors\Database.php(249): spl_autoload_call('Config\\Database')
 5 SYSTEMPATH\Debug\Toolbar\Collectors\Database.php(69): CodeIgniter\Debug\Toolbar\Collectors\Database->getConnections()
 6 SYSTEMPATH\Debug\Toolbar.php(65): CodeIgniter\Debug\Toolbar\Collectors\Database->__construct()
 7 SYSTEMPATH\Config\Services.php(714): CodeIgniter\Debug\Toolbar->__construct(Object(Config\Toolbar))
 8 SYSTEMPATH\Config\BaseService.php(253): CodeIgniter\Config\Services::toolbar(Object(Config\Toolbar), false)
 9 SYSTEMPATH\Config\BaseService.php(194): CodeIgniter\Config\BaseService::__callStatic('toolbar', [...])
10 SYSTEMPATH\Config\Services.php(709): CodeIgniter\Config\BaseService::getSharedInstance('toolbar', null)
11 SYSTEMPATH\Config\BaseService.php(253): CodeIgniter\Config\Services::toolbar()
12 APPPATH\Config\Events.php(46): CodeIgniter\Config\BaseService::__callStatic('toolbar', [])
13 SYSTEMPATH\Events\Events.php(149): CodeIgniter\Events\Events::Config\{closure}()
14 SYSTEMPATH\CodeIgniter.php(317): CodeIgniter\Events\Events::trigger('pre_system')
15 FCPATH\index.php(67): CodeIgniter\CodeIgniter->run()
CRITICAL - 2022-10-24 09:51:39 --> syntax error, unexpected ''username'' (T_CONSTANT_ENCAPSED_STRING), expecting ']'
in APPPATH\Config\Database.php on line 36.
 1 SYSTEMPATH\Autoloader\Autoloader.php(259): CodeIgniter\Autoloader\Autoloader->includeFile('APPPATH\\Config\\Database.php')
 2 SYSTEMPATH\Autoloader\Autoloader.php(237): CodeIgniter\Autoloader\Autoloader->loadInNamespace('Config\\Database')
 3 [internal function]: CodeIgniter\Autoloader\Autoloader->loadClass('Config\\Database')
 4 SYSTEMPATH\Debug\Toolbar\Collectors\Database.php(249): spl_autoload_call('Config\\Database')
 5 SYSTEMPATH\Debug\Toolbar\Collectors\Database.php(69): CodeIgniter\Debug\Toolbar\Collectors\Database->getConnections()
 6 SYSTEMPATH\Debug\Toolbar.php(65): CodeIgniter\Debug\Toolbar\Collectors\Database->__construct()
 7 SYSTEMPATH\Config\Services.php(714): CodeIgniter\Debug\Toolbar->__construct(Object(Config\Toolbar))
 8 SYSTEMPATH\Config\BaseService.php(253): CodeIgniter\Config\Services::toolbar(Object(Config\Toolbar), false)
 9 SYSTEMPATH\Config\BaseService.php(194): CodeIgniter\Config\BaseService::__callStatic('toolbar', [...])
10 SYSTEMPATH\Config\Services.php(709): CodeIgniter\Config\BaseService::getSharedInstance('toolbar', null)
11 SYSTEMPATH\Config\BaseService.php(253): CodeIgniter\Config\Services::toolbar()
12 APPPATH\Config\Events.php(46): CodeIgniter\Config\BaseService::__callStatic('toolbar', [])
13 SYSTEMPATH\Events\Events.php(149): CodeIgniter\Events\Events::Config\{closure}()
14 SYSTEMPATH\CodeIgniter.php(317): CodeIgniter\Events\Events::trigger('pre_system')
15 FCPATH\index.php(67): CodeIgniter\CodeIgniter->run()
ERROR - 2022-10-24 09:52:17 --> Error connecting to the database: ErrorException: mysqli::real_connect(): php_network_getaddresses: getaddrinfo failed: Der angegebene Host ist unbekannt.  in D:\Dokumente\XAMPP\htdocs\weekly_todos\system\Database\MySQLi\Connection.php:171
Stack trace:
#0 [internal function]: CodeIgniter\Debug\Exceptions->errorHandler(2, 'mysqli::real_co...', 'D:\\Dokumente\\XA...', 171, Array)
#1 D:\Dokumente\XAMPP\htdocs\weekly_todos\system\Database\MySQLi\Connection.php(171): mysqli->real_connect('tasdasd', 'root', '', 'weekly_todos', 3306, '', 0)
#2 D:\Dokumente\XAMPP\htdocs\weekly_todos\system\Database\BaseConnection.php(382): CodeIgniter\Database\MySQLi\Connection->connect(false)
#3 D:\Dokumente\XAMPP\htdocs\weekly_todos\system\Database\BaseConnection.php(588): CodeIgniter\Database\BaseConnection->initialize()
#4 D:\Dokumente\XAMPP\htdocs\weekly_todos\system\Database\BaseBuilder.php(1585): CodeIgniter\Database\BaseConnection->query('SELECT *\nFROM `...', Array, false)
#5 D:\Dokumente\XAMPP\htdocs\weekly_todos\app\Models\UserModel.php(10): CodeIgniter\Database\BaseBuilder->get()
#6 D:\Dokumente\XAMPP\htdocs\weekly_todos\app\Controllers\Login.php(36): App\Models\UserModel->selectUser()
#7 D:\Dokumente\XAMPP\htdocs\weekly_todos\app\Controllers\Login.php(17): App\Controllers\Login->verifyer()
#8 D:\Dokumente\XAMPP\htdocs\weekly_todos\system\CodeIgniter.php(904): App\Controllers\Login->index()
#9 D:\Dokumente\XAMPP\htdocs\weekly_todos\system\CodeIgniter.php(457): CodeIgniter\CodeIgniter->runController(Object(App\Controllers\Login))
#10 D:\Dokumente\XAMPP\htdocs\weekly_todos\system\CodeIgniter.php(340): CodeIgniter\CodeIgniter->handleRequest(NULL, Object(Config\Cache), false)
#11 D:\Dokumente\XAMPP\htdocs\weekly_todos\public\index.php(67): CodeIgniter\CodeIgniter->run()
#12 {main}

Next mysqli_sql_exception: php_network_getaddresses: getaddrinfo failed: Der angegebene Host ist unbekannt.  in D:\Dokumente\XAMPP\htdocs\weekly_todos\system\Database\MySQLi\Connection.php:171
Stack trace:
#0 D:\Dokumente\XAMPP\htdocs\weekly_todos\system\Database\MySQLi\Connection.php(171): mysqli->real_connect('tasdasd', 'root', '', 'weekly_todos', 3306, '', 0)
#1 D:\Dokumente\XAMPP\htdocs\weekly_todos\system\Database\BaseConnection.php(382): CodeIgniter\Database\MySQLi\Connection->connect(false)
#2 D:\Dokumente\XAMPP\htdocs\weekly_todos\system\Database\BaseConnection.php(588): CodeIgniter\Database\BaseConnection->initialize()
#3 D:\Dokumente\XAMPP\htdocs\weekly_todos\system\Database\BaseBuilder.php(1585): CodeIgniter\Database\BaseConnection->query('SELECT *\nFROM `...', Array, false)
#4 D:\Dokumente\XAMPP\htdocs\weekly_todos\app\Models\UserModel.php(10): CodeIgniter\Database\BaseBuilder->get()
#5 D:\Dokumente\XAMPP\htdocs\weekly_todos\app\Controllers\Login.php(36): App\Models\UserModel->selectUser()
#6 D:\Dokumente\XAMPP\htdocs\weekly_todos\app\Controllers\Login.php(17): App\Controllers\Login->verifyer()
#7 D:\Dokumente\XAMPP\htdocs\weekly_todos\system\CodeIgniter.php(904): App\Controllers\Login->index()
#8 D:\Dokumente\XAMPP\htdocs\weekly_todos\system\CodeIgniter.php(457): CodeIgniter\CodeIgniter->runController(Object(App\Controllers\Login))
#9 D:\Dokumente\XAMPP\htdocs\weekly_todos\system\CodeIgniter.php(340): CodeIgniter\CodeIgniter->handleRequest(NULL, Object(Config\Cache), false)
#10 D:\Dokumente\XAMPP\htdocs\weekly_todos\public\index.php(67): CodeIgniter\CodeIgniter->run()
#11 {main}

Next CodeIgniter\Database\Exceptions\DatabaseException: php_network_getaddresses: getaddrinfo failed: Der angegebene Host ist unbekannt.  in D:\Dokumente\XAMPP\htdocs\weekly_todos\system\Database\MySQLi\Connection.php:215
Stack trace:
#0 D:\Dokumente\XAMPP\htdocs\weekly_todos\system\Database\BaseConnection.php(382): CodeIgniter\Database\MySQLi\Connection->connect(false)
#1 D:\Dokumente\XAMPP\htdocs\weekly_todos\system\Database\BaseConnection.php(588): CodeIgniter\Database\BaseConnection->initialize()
#2 D:\Dokumente\XAMPP\htdocs\weekly_todos\system\Database\BaseBuilder.php(1585): CodeIgniter\Database\BaseConnection->query('SELECT *\nFROM `...', Array, false)
#3 D:\Dokumente\XAMPP\htdocs\weekly_todos\app\Models\UserModel.php(10): CodeIgniter\Database\BaseBuilder->get()
#4 D:\Dokumente\XAMPP\htdocs\weekly_todos\app\Controllers\Login.php(36): App\Models\UserModel->selectUser()
#5 D:\Dokumente\XAMPP\htdocs\weekly_todos\app\Controllers\Login.php(17): App\Controllers\Login->verifyer()
#6 D:\Dokumente\XAMPP\htdocs\weekly_todos\system\CodeIgniter.php(904): App\Controllers\Login->index()
#7 D:\Dokumente\XAMPP\htdocs\weekly_todos\system\CodeIgniter.php(457): CodeIgniter\CodeIgniter->runController(Object(App\Controllers\Login))
#8 D:\Dokumente\XAMPP\htdocs\weekly_todos\system\CodeIgniter.php(340): CodeIgniter\CodeIgniter->handleRequest(NULL, Object(Config\Cache), false)
#9 D:\Dokumente\XAMPP\htdocs\weekly_todos\public\index.php(67): CodeIgniter\CodeIgniter->run()
#10 {main}
CRITICAL - 2022-10-24 09:52:17 --> Unable to connect to the database.
Main connection [MySQLi]: php_network_getaddresses: getaddrinfo failed: Der angegebene Host ist unbekannt. 
in SYSTEMPATH\Database\BaseConnection.php on line 418.
 1 SYSTEMPATH\Database\BaseConnection.php(588): CodeIgniter\Database\BaseConnection->initialize()
 2 SYSTEMPATH\Database\BaseBuilder.php(1585): CodeIgniter\Database\BaseConnection->query('SELECT *
FROM `users`
WHERE `email` = :email:', [...], false)
 3 APPPATH\Models\UserModel.php(10): CodeIgniter\Database\BaseBuilder->get()
 4 APPPATH\Controllers\Login.php(36): App\Models\UserModel->selectUser()
 5 APPPATH\Controllers\Login.php(17): App\Controllers\Login->verifyer()
 6 SYSTEMPATH\CodeIgniter.php(904): App\Controllers\Login->index()
 7 SYSTEMPATH\CodeIgniter.php(457): CodeIgniter\CodeIgniter->runController(Object(App\Controllers\Login))
 8 SYSTEMPATH\CodeIgniter.php(340): CodeIgniter\CodeIgniter->handleRequest(null, Object(Config\Cache), false)
 9 FCPATH\index.php(67): CodeIgniter\CodeIgniter->run()
