CRITICAL - 2022-10-19 12:37:05 --> Invalid file: pages/statistics.php
in SYSTEMPATH\Exceptions\FrameworkException.php on line 33.
 1 SYSTEMPATH\View\View.php(201): CodeIgniter\Exceptions\FrameworkException::forInvalidFile('pages/statistics.php')
 2 SYSTEMPATH\Common.php(1137): CodeIgniter\View\View->render('pages/statistics', [], true)
 3 APPPATH\Controllers\Statistics.php(45): view('pages/statistics', [...])
 4 SYSTEMPATH\CodeIgniter.php(904): App\Controllers\Statistics->index()
 5 SYSTEMPATH\CodeIgniter.php(457): CodeIgniter\CodeIgniter->runController(Object(App\Controllers\Statistics))
 6 SYSTEMPATH\CodeIgniter.php(340): CodeIgniter\CodeIgniter->handleRequest(null, Object(Config\Cache), false)
 7 FCPATH\index.php(67): CodeIgniter\CodeIgniter->run()
CRITICAL - 2022-10-19 14:28:29 --> Class 'App\Controllers\DateTime' not found
in APPPATH\Controllers\Statistics.php on line 51.
 1 SYSTEMPATH\CodeIgniter.php(904): App\Controllers\Statistics->button_filter()
 2 SYSTEMPATH\CodeIgniter.php(457): CodeIgniter\CodeIgniter->runController(Object(App\Controllers\Statistics))
 3 SYSTEMPATH\CodeIgniter.php(340): CodeIgniter\CodeIgniter->handleRequest(null, Object(Config\Cache), false)
 4 FCPATH\index.php(67): CodeIgniter\CodeIgniter->run()
CRITICAL - 2022-10-19 14:28:38 --> Class 'App\Controllers\DateTime' not found
in APPPATH\Controllers\Statistics.php on line 51.
 1 SYSTEMPATH\CodeIgniter.php(904): App\Controllers\Statistics->button_filter()
 2 SYSTEMPATH\CodeIgniter.php(457): CodeIgniter\CodeIgniter->runController(Object(App\Controllers\Statistics))
 3 SYSTEMPATH\CodeIgniter.php(340): CodeIgniter\CodeIgniter->handleRequest(null, Object(Config\Cache), false)
 4 FCPATH\index.php(67): CodeIgniter\CodeIgniter->run()
CRITICAL - 2022-10-19 14:28:47 --> Object of class DateTime could not be converted to string
in APPPATH\Controllers\Statistics.php on line 52.
 1 SYSTEMPATH\CodeIgniter.php(904): App\Controllers\Statistics->button_filter()
 2 SYSTEMPATH\CodeIgniter.php(457): CodeIgniter\CodeIgniter->runController(Object(App\Controllers\Statistics))
 3 SYSTEMPATH\CodeIgniter.php(340): CodeIgniter\CodeIgniter->handleRequest(null, Object(Config\Cache), false)
 4 FCPATH\index.php(67): CodeIgniter\CodeIgniter->run()
CRITICAL - 2022-10-19 14:28:49 --> Object of class DateTime could not be converted to string
in APPPATH\Controllers\Statistics.php on line 52.
 1 SYSTEMPATH\CodeIgniter.php(904): App\Controllers\Statistics->button_filter()
 2 SYSTEMPATH\CodeIgniter.php(457): CodeIgniter\CodeIgniter->runController(Object(App\Controllers\Statistics))
 3 SYSTEMPATH\CodeIgniter.php(340): CodeIgniter\CodeIgniter->handleRequest(null, Object(Config\Cache), false)
 4 FCPATH\index.php(67): CodeIgniter\CodeIgniter->run()
CRITICAL - 2022-10-19 15:59:52 --> DateTime::modify(): Failed to parse time string (d.m.Y) at position 4 (Y): Double timezone specification
in APPPATH\Controllers\Statistics.php on line 52.
 1 [internal function]: CodeIgniter\Debug\Exceptions->errorHandler(2, 'DateTime::modify(): Failed to parse time string (d.m.Y) at position 4 (Y): Double timezone specification', 'APPPATH\\Controllers\\Statistics.php', 52, [...])
 2 APPPATH\Controllers\Statistics.php(52): DateTime->modify('d.m.Y')
 3 SYSTEMPATH\CodeIgniter.php(904): App\Controllers\Statistics->button_filter()
 4 SYSTEMPATH\CodeIgniter.php(457): CodeIgniter\CodeIgniter->runController(Object(App\Controllers\Statistics))
 5 SYSTEMPATH\CodeIgniter.php(340): CodeIgniter\CodeIgniter->handleRequest(null, Object(Config\Cache), false)
 6 FCPATH\index.php(67): CodeIgniter\CodeIgniter->run()
CRITICAL - 2022-10-19 16:00:10 --> Object of class DateTime could not be converted to string
in APPPATH\Controllers\Statistics.php on line 52.
 1 SYSTEMPATH\CodeIgniter.php(904): App\Controllers\Statistics->button_filter()
 2 SYSTEMPATH\CodeIgniter.php(457): CodeIgniter\CodeIgniter->runController(Object(App\Controllers\Statistics))
 3 SYSTEMPATH\CodeIgniter.php(340): CodeIgniter\CodeIgniter->handleRequest(null, Object(Config\Cache), false)
 4 FCPATH\index.php(67): CodeIgniter\CodeIgniter->run()
CRITICAL - 2022-10-19 16:05:25 --> Function name must be a string
in APPPATH\Controllers\Statistics.php on line 59.
 1 SYSTEMPATH\CodeIgniter.php(904): App\Controllers\Statistics->button_filter()
 2 SYSTEMPATH\CodeIgniter.php(457): CodeIgniter\CodeIgniter->runController(Object(App\Controllers\Statistics))
 3 SYSTEMPATH\CodeIgniter.php(340): CodeIgniter\CodeIgniter->handleRequest(null, Object(Config\Cache), false)
 4 FCPATH\index.php(67): CodeIgniter\CodeIgniter->run()
CRITICAL - 2022-10-19 17:44:56 --> Object of class DateTime could not be converted to string
in APPPATH\Models\StatisticsModel.php on line 35.
 1 APPPATH\Controllers\Statistics.php(32): App\Models\StatisticsModel->getTimeSpent('Studienprojekt', Object(DateTime))
 2 SYSTEMPATH\CodeIgniter.php(904): App\Controllers\Statistics->index()
 3 SYSTEMPATH\CodeIgniter.php(457): CodeIgniter\CodeIgniter->runController(Object(App\Controllers\Statistics))
 4 SYSTEMPATH\CodeIgniter.php(340): CodeIgniter\CodeIgniter->handleRequest(null, Object(Config\Cache), false)
 5 FCPATH\index.php(67): CodeIgniter\CodeIgniter->run()
CRITICAL - 2022-10-19 17:45:06 --> Object of class DateTime could not be converted to string
in APPPATH\Models\StatisticsModel.php on line 35.
 1 APPPATH\Controllers\Statistics.php(32): App\Models\StatisticsModel->getTimeSpent('Studienprojekt', Object(DateTime))
 2 SYSTEMPATH\CodeIgniter.php(904): App\Controllers\Statistics->index()
 3 SYSTEMPATH\CodeIgniter.php(457): CodeIgniter\CodeIgniter->runController(Object(App\Controllers\Statistics))
 4 SYSTEMPATH\CodeIgniter.php(340): CodeIgniter\CodeIgniter->handleRequest(null, Object(Config\Cache), false)
 5 FCPATH\index.php(67): CodeIgniter\CodeIgniter->run()
CRITICAL - 2022-10-19 17:46:29 --> Object of class DateTime could not be converted to string
in APPPATH\Models\StatisticsModel.php on line 35.
 1 APPPATH\Controllers\Statistics.php(32): App\Models\StatisticsModel->getTimeSpent('Studienprojekt', Object(DateTime))
 2 SYSTEMPATH\CodeIgniter.php(904): App\Controllers\Statistics->index()
 3 SYSTEMPATH\CodeIgniter.php(457): CodeIgniter\CodeIgniter->runController(Object(App\Controllers\Statistics))
 4 SYSTEMPATH\CodeIgniter.php(340): CodeIgniter\CodeIgniter->handleRequest(null, Object(Config\Cache), false)
 5 FCPATH\index.php(67): CodeIgniter\CodeIgniter->run()
CRITICAL - 2022-10-19 17:46:30 --> Object of class DateTime could not be converted to string
in APPPATH\Models\StatisticsModel.php on line 35.
 1 APPPATH\Controllers\Statistics.php(32): App\Models\StatisticsModel->getTimeSpent('Studienprojekt', Object(DateTime))
 2 SYSTEMPATH\CodeIgniter.php(904): App\Controllers\Statistics->index()
 3 SYSTEMPATH\CodeIgniter.php(457): CodeIgniter\CodeIgniter->runController(Object(App\Controllers\Statistics))
 4 SYSTEMPATH\CodeIgniter.php(340): CodeIgniter\CodeIgniter->handleRequest(null, Object(Config\Cache), false)
 5 FCPATH\index.php(67): CodeIgniter\CodeIgniter->run()
CRITICAL - 2022-10-19 17:51:39 --> Call to a member function modify() on string
in APPPATH\Controllers\Statistics.php on line 71.
 1 SYSTEMPATH\CodeIgniter.php(904): App\Controllers\Statistics->button_filter()
 2 SYSTEMPATH\CodeIgniter.php(457): CodeIgniter\CodeIgniter->runController(Object(App\Controllers\Statistics))
 3 SYSTEMPATH\CodeIgniter.php(340): CodeIgniter\CodeIgniter->handleRequest(null, Object(Config\Cache), false)
 4 FCPATH\index.php(67): CodeIgniter\CodeIgniter->run()
CRITICAL - 2022-10-19 18:01:57 --> Object of class DateTime could not be converted to string
in APPPATH\Models\StatisticsModel.php on line 35.
 1 APPPATH\Controllers\Statistics.php(145): App\Models\StatisticsModel->getTimeSpent('Studienprojekt', Object(DateTime))
 2 APPPATH\Controllers\Statistics.php(75): App\Controllers\Statistics->showDay()
 3 SYSTEMPATH\CodeIgniter.php(904): App\Controllers\Statistics->button_filter()
 4 SYSTEMPATH\CodeIgniter.php(457): CodeIgniter\CodeIgniter->runController(Object(App\Controllers\Statistics))
 5 SYSTEMPATH\CodeIgniter.php(340): CodeIgniter\CodeIgniter->handleRequest(null, Object(Config\Cache), false)
 6 FCPATH\index.php(67): CodeIgniter\CodeIgniter->run()
CRITICAL - 2022-10-19 18:01:59 --> Object of class DateTime could not be converted to string
in APPPATH\Models\StatisticsModel.php on line 35.
 1 APPPATH\Controllers\Statistics.php(32): App\Models\StatisticsModel->getTimeSpent('Studienprojekt', Object(DateTime))
 2 SYSTEMPATH\CodeIgniter.php(904): App\Controllers\Statistics->index()
 3 SYSTEMPATH\CodeIgniter.php(457): CodeIgniter\CodeIgniter->runController(Object(App\Controllers\Statistics))
 4 SYSTEMPATH\CodeIgniter.php(340): CodeIgniter\CodeIgniter->handleRequest(null, Object(Config\Cache), false)
 5 FCPATH\index.php(67): CodeIgniter\CodeIgniter->run()
CRITICAL - 2022-10-19 18:02:05 --> Object of class DateTime could not be converted to string
in APPPATH\Models\StatisticsModel.php on line 35.
 1 APPPATH\Controllers\Statistics.php(145): App\Models\StatisticsModel->getTimeSpent('Studienprojekt', Object(DateTime))
 2 APPPATH\Controllers\Statistics.php(75): App\Controllers\Statistics->showDay()
 3 SYSTEMPATH\CodeIgniter.php(904): App\Controllers\Statistics->button_filter()
 4 SYSTEMPATH\CodeIgniter.php(457): CodeIgniter\CodeIgniter->runController(Object(App\Controllers\Statistics))
 5 SYSTEMPATH\CodeIgniter.php(340): CodeIgniter\CodeIgniter->handleRequest(null, Object(Config\Cache), false)
 6 FCPATH\index.php(67): CodeIgniter\CodeIgniter->run()
CRITICAL - 2022-10-19 18:03:02 --> Object of class DateTime could not be converted to string
in APPPATH\Models\StatisticsModel.php on line 35.
 1 APPPATH\Controllers\Statistics.php(32): App\Models\StatisticsModel->getTimeSpent('Studienprojekt', Object(DateTime))
 2 SYSTEMPATH\CodeIgniter.php(904): App\Controllers\Statistics->index()
 3 SYSTEMPATH\CodeIgniter.php(457): CodeIgniter\CodeIgniter->runController(Object(App\Controllers\Statistics))
 4 SYSTEMPATH\CodeIgniter.php(340): CodeIgniter\CodeIgniter->handleRequest(null, Object(Config\Cache), false)
 5 FCPATH\index.php(67): CodeIgniter\CodeIgniter->run()
CRITICAL - 2022-10-19 18:04:34 --> Class 'App\Controllers\DateTime' not found
in APPPATH\Controllers\Statistics.php on line 60.
 1 SYSTEMPATH\CodeIgniter.php(904): App\Controllers\Statistics->button_filter()
 2 SYSTEMPATH\CodeIgniter.php(457): CodeIgniter\CodeIgniter->runController(Object(App\Controllers\Statistics))
 3 SYSTEMPATH\CodeIgniter.php(340): CodeIgniter\CodeIgniter->handleRequest(null, Object(Config\Cache), false)
 4 FCPATH\index.php(67): CodeIgniter\CodeIgniter->run()
CRITICAL - 2022-10-19 18:04:50 --> Call to a member function modify() on string
in APPPATH\Controllers\Statistics.php on line 80.
 1 SYSTEMPATH\CodeIgniter.php(904): App\Controllers\Statistics->button_filter()
 2 SYSTEMPATH\CodeIgniter.php(457): CodeIgniter\CodeIgniter->runController(Object(App\Controllers\Statistics))
 3 SYSTEMPATH\CodeIgniter.php(340): CodeIgniter\CodeIgniter->handleRequest(null, Object(Config\Cache), false)
 4 FCPATH\index.php(67): CodeIgniter\CodeIgniter->run()
CRITICAL - 2022-10-19 18:06:04 --> Object of class DateTime could not be converted to string
in APPPATH\Controllers\Statistics.php on line 72.
 1 SYSTEMPATH\CodeIgniter.php(904): App\Controllers\Statistics->button_filter()
 2 SYSTEMPATH\CodeIgniter.php(457): CodeIgniter\CodeIgniter->runController(Object(App\Controllers\Statistics))
 3 SYSTEMPATH\CodeIgniter.php(340): CodeIgniter\CodeIgniter->handleRequest(null, Object(Config\Cache), false)
 4 FCPATH\index.php(67): CodeIgniter\CodeIgniter->run()
CRITICAL - 2022-10-19 18:07:25 --> Undefined variable: title
in APPPATH\Views\templates\header.php on line 12.
 1 APPPATH\Views\templates\header.php(12): CodeIgniter\Debug\Exceptions->errorHandler(8, 'Undefined variable: title', 'APPPATH\\Views\\templates\\header.php', 12, [...])
 2 SYSTEMPATH\View\View.php(213): include('APPPATH\\Views\\templates\\header.php')
 3 SYSTEMPATH\View\View.php(216): CodeIgniter\View\View->CodeIgniter\View\{closure}()
 4 SYSTEMPATH\Common.php(1137): CodeIgniter\View\View->render('templates/header', [], true)
 5 APPPATH\Controllers\Statistics.php(165): view('templates/header', [...])
 6 APPPATH\Controllers\Statistics.php(82): App\Controllers\Statistics->showDay()
 7 SYSTEMPATH\CodeIgniter.php(904): App\Controllers\Statistics->button_filter()
 8 SYSTEMPATH\CodeIgniter.php(457): CodeIgniter\CodeIgniter->runController(Object(App\Controllers\Statistics))
 9 SYSTEMPATH\CodeIgniter.php(340): CodeIgniter\CodeIgniter->handleRequest(null, Object(Config\Cache), false)
10 FCPATH\index.php(67): CodeIgniter\CodeIgniter->run()
CRITICAL - 2022-10-19 18:07:31 --> Undefined variable: title
in APPPATH\Views\templates\header.php on line 12.
 1 APPPATH\Views\templates\header.php(12): CodeIgniter\Debug\Exceptions->errorHandler(8, 'Undefined variable: title', 'APPPATH\\Views\\templates\\header.php', 12, [...])
 2 SYSTEMPATH\View\View.php(213): include('APPPATH\\Views\\templates\\header.php')
 3 SYSTEMPATH\View\View.php(216): CodeIgniter\View\View->CodeIgniter\View\{closure}()
 4 SYSTEMPATH\Common.php(1137): CodeIgniter\View\View->render('templates/header', [], true)
 5 APPPATH\Controllers\Statistics.php(165): view('templates/header', [...])
 6 APPPATH\Controllers\Statistics.php(82): App\Controllers\Statistics->showDay()
 7 SYSTEMPATH\CodeIgniter.php(904): App\Controllers\Statistics->button_filter()
 8 SYSTEMPATH\CodeIgniter.php(457): CodeIgniter\CodeIgniter->runController(Object(App\Controllers\Statistics))
 9 SYSTEMPATH\CodeIgniter.php(340): CodeIgniter\CodeIgniter->handleRequest(null, Object(Config\Cache), false)
10 FCPATH\index.php(67): CodeIgniter\CodeIgniter->run()
CRITICAL - 2022-10-19 18:08:14 --> Undefined variable: title
in APPPATH\Views\templates\header.php on line 12.
 1 APPPATH\Views\templates\header.php(12): CodeIgniter\Debug\Exceptions->errorHandler(8, 'Undefined variable: title', 'APPPATH\\Views\\templates\\header.php', 12, [...])
 2 SYSTEMPATH\View\View.php(213): include('APPPATH\\Views\\templates\\header.php')
 3 SYSTEMPATH\View\View.php(216): CodeIgniter\View\View->CodeIgniter\View\{closure}()
 4 SYSTEMPATH\Common.php(1137): CodeIgniter\View\View->render('templates/header', [], true)
 5 APPPATH\Controllers\Statistics.php(165): view('templates/header', [...])
 6 APPPATH\Controllers\Statistics.php(82): App\Controllers\Statistics->showDay()
 7 SYSTEMPATH\CodeIgniter.php(904): App\Controllers\Statistics->button_filter()
 8 SYSTEMPATH\CodeIgniter.php(457): CodeIgniter\CodeIgniter->runController(Object(App\Controllers\Statistics))
 9 SYSTEMPATH\CodeIgniter.php(340): CodeIgniter\CodeIgniter->handleRequest(null, Object(Config\Cache), false)
10 FCPATH\index.php(67): CodeIgniter\CodeIgniter->run()
CRITICAL - 2022-10-19 18:08:15 --> Undefined variable: title
in APPPATH\Views\templates\header.php on line 12.
 1 APPPATH\Views\templates\header.php(12): CodeIgniter\Debug\Exceptions->errorHandler(8, 'Undefined variable: title', 'APPPATH\\Views\\templates\\header.php', 12, [...])
 2 SYSTEMPATH\View\View.php(213): include('APPPATH\\Views\\templates\\header.php')
 3 SYSTEMPATH\View\View.php(216): CodeIgniter\View\View->CodeIgniter\View\{closure}()
 4 SYSTEMPATH\Common.php(1137): CodeIgniter\View\View->render('templates/header', [], true)
 5 APPPATH\Controllers\Statistics.php(165): view('templates/header', [...])
 6 APPPATH\Controllers\Statistics.php(82): App\Controllers\Statistics->showDay()
 7 SYSTEMPATH\CodeIgniter.php(904): App\Controllers\Statistics->button_filter()
 8 SYSTEMPATH\CodeIgniter.php(457): CodeIgniter\CodeIgniter->runController(Object(App\Controllers\Statistics))
 9 SYSTEMPATH\CodeIgniter.php(340): CodeIgniter\CodeIgniter->handleRequest(null, Object(Config\Cache), false)
10 FCPATH\index.php(67): CodeIgniter\CodeIgniter->run()
CRITICAL - 2022-10-19 18:08:51 --> Undefined variable: title
in APPPATH\Views\templates\header.php on line 12.
 1 APPPATH\Views\templates\header.php(12): CodeIgniter\Debug\Exceptions->errorHandler(8, 'Undefined variable: title', 'APPPATH\\Views\\templates\\header.php', 12, [...])
 2 SYSTEMPATH\View\View.php(213): include('APPPATH\\Views\\templates\\header.php')
 3 SYSTEMPATH\View\View.php(216): CodeIgniter\View\View->CodeIgniter\View\{closure}()
 4 SYSTEMPATH\Common.php(1137): CodeIgniter\View\View->render('templates/header', [], true)
 5 APPPATH\Controllers\Statistics.php(164): view('templates/header', [...])
 6 APPPATH\Controllers\Statistics.php(82): App\Controllers\Statistics->showDay()
 7 SYSTEMPATH\CodeIgniter.php(904): App\Controllers\Statistics->button_filter()
 8 SYSTEMPATH\CodeIgniter.php(457): CodeIgniter\CodeIgniter->runController(Object(App\Controllers\Statistics))
 9 SYSTEMPATH\CodeIgniter.php(340): CodeIgniter\CodeIgniter->handleRequest(null, Object(Config\Cache), false)
10 FCPATH\index.php(67): CodeIgniter\CodeIgniter->run()
CRITICAL - 2022-10-19 18:29:30 --> Call to a member function format() on string
in APPPATH\Controllers\Statistics.php on line 187.
 1 APPPATH\Controllers\Statistics.php(63): App\Controllers\Statistics->showWeek()
 2 SYSTEMPATH\CodeIgniter.php(904): App\Controllers\Statistics->button_filter()
 3 SYSTEMPATH\CodeIgniter.php(457): CodeIgniter\CodeIgniter->runController(Object(App\Controllers\Statistics))
 4 SYSTEMPATH\CodeIgniter.php(340): CodeIgniter\CodeIgniter->handleRequest(null, Object(Config\Cache), false)
 5 FCPATH\index.php(67): CodeIgniter\CodeIgniter->run()
CRITICAL - 2022-10-19 18:31:25 --> Undefined variable: dataPoints
in APPPATH\Views\scripts\Statistics.php on line 23.
 1 APPPATH\Views\scripts\Statistics.php(23): CodeIgniter\Debug\Exceptions->errorHandler(8, 'Undefined variable: dataPoints', 'APPPATH\\Views\\scripts\\Statistics.php', 23, [...])
 2 SYSTEMPATH\View\View.php(213): include('APPPATH\\Views\\scripts\\Statistics.php')
 3 SYSTEMPATH\View\View.php(216): CodeIgniter\View\View->CodeIgniter\View\{closure}()
 4 SYSTEMPATH\Common.php(1137): CodeIgniter\View\View->render('scripts/statistics', [], true)
 5 APPPATH\Controllers\Statistics.php(193): view('scripts/statistics')
 6 APPPATH\Controllers\Statistics.php(63): App\Controllers\Statistics->showWeek()
 7 SYSTEMPATH\CodeIgniter.php(904): App\Controllers\Statistics->button_filter()
 8 SYSTEMPATH\CodeIgniter.php(457): CodeIgniter\CodeIgniter->runController(Object(App\Controllers\Statistics))
 9 SYSTEMPATH\CodeIgniter.php(340): CodeIgniter\CodeIgniter->handleRequest(null, Object(Config\Cache), false)
10 FCPATH\index.php(67): CodeIgniter\CodeIgniter->run()
CRITICAL - 2022-10-19 18:33:44 --> Call to a member function format() on string
in APPPATH\Controllers\Statistics.php on line 211.
 1 APPPATH\Controllers\Statistics.php(65): App\Controllers\Statistics->showMonth()
 2 SYSTEMPATH\CodeIgniter.php(904): App\Controllers\Statistics->button_filter()
 3 SYSTEMPATH\CodeIgniter.php(457): CodeIgniter\CodeIgniter->runController(Object(App\Controllers\Statistics))
 4 SYSTEMPATH\CodeIgniter.php(340): CodeIgniter\CodeIgniter->handleRequest(null, Object(Config\Cache), false)
 5 FCPATH\index.php(67): CodeIgniter\CodeIgniter->run()
CRITICAL - 2022-10-19 18:34:37 --> Call to a member function format() on string
in APPPATH\Controllers\Statistics.php on line 235.
 1 APPPATH\Controllers\Statistics.php(67): App\Controllers\Statistics->showYear()
 2 SYSTEMPATH\CodeIgniter.php(904): App\Controllers\Statistics->button_filter()
 3 SYSTEMPATH\CodeIgniter.php(457): CodeIgniter\CodeIgniter->runController(Object(App\Controllers\Statistics))
 4 SYSTEMPATH\CodeIgniter.php(340): CodeIgniter\CodeIgniter->handleRequest(null, Object(Config\Cache), false)
 5 FCPATH\index.php(67): CodeIgniter\CodeIgniter->run()
CRITICAL - 2022-10-19 19:54:41 --> A non well formed numeric value encountered
in APPPATH\Controllers\Statistics.php on line 192.
 1 [internal function]: CodeIgniter\Debug\Exceptions->errorHandler(8, 'A non well formed numeric value encountered', 'APPPATH\\Controllers\\Statistics.php', 192, [...])
 2 APPPATH\Controllers\Statistics.php(192): DateTime->setISODate('2022', '42te Kalenderwoche')
 3 APPPATH\Controllers\Statistics.php(63): App\Controllers\Statistics->showWeek()
 4 SYSTEMPATH\CodeIgniter.php(904): App\Controllers\Statistics->button_filter()
 5 SYSTEMPATH\CodeIgniter.php(457): CodeIgniter\CodeIgniter->runController(Object(App\Controllers\Statistics))
 6 SYSTEMPATH\CodeIgniter.php(340): CodeIgniter\CodeIgniter->handleRequest(null, Object(Config\Cache), false)
 7 FCPATH\index.php(67): CodeIgniter\CodeIgniter->run()
CRITICAL - 2022-10-19 19:55:01 --> A non well formed numeric value encountered
in APPPATH\Controllers\Statistics.php on line 192.
 1 [internal function]: CodeIgniter\Debug\Exceptions->errorHandler(8, 'A non well formed numeric value encountered', 'APPPATH\\Controllers\\Statistics.php', 192, [...])
 2 APPPATH\Controllers\Statistics.php(192): DateTime->setISODate('2022', '41te Kalenderwoche')
 3 APPPATH\Controllers\Statistics.php(63): App\Controllers\Statistics->showWeek()
 4 SYSTEMPATH\CodeIgniter.php(904): App\Controllers\Statistics->button_filter()
 5 SYSTEMPATH\CodeIgniter.php(457): CodeIgniter\CodeIgniter->runController(Object(App\Controllers\Statistics))
 6 SYSTEMPATH\CodeIgniter.php(340): CodeIgniter\CodeIgniter->handleRequest(null, Object(Config\Cache), false)
 7 FCPATH\index.php(67): CodeIgniter\CodeIgniter->run()
CRITICAL - 2022-10-19 19:55:14 --> A non well formed numeric value encountered
in APPPATH\Controllers\Statistics.php on line 192.
 1 [internal function]: CodeIgniter\Debug\Exceptions->errorHandler(8, 'A non well formed numeric value encountered', 'APPPATH\\Controllers\\Statistics.php', 192, [...])
 2 APPPATH\Controllers\Statistics.php(192): DateTime->setISODate('2022', '41te Kalenderwoche')
 3 APPPATH\Controllers\Statistics.php(63): App\Controllers\Statistics->showWeek()
 4 SYSTEMPATH\CodeIgniter.php(904): App\Controllers\Statistics->button_filter()
 5 SYSTEMPATH\CodeIgniter.php(457): CodeIgniter\CodeIgniter->runController(Object(App\Controllers\Statistics))
 6 SYSTEMPATH\CodeIgniter.php(340): CodeIgniter\CodeIgniter->handleRequest(null, Object(Config\Cache), false)
 7 FCPATH\index.php(67): CodeIgniter\CodeIgniter->run()
CRITICAL - 2022-10-19 20:49:20 --> Use of undefined constant i - assumed 'i' (this will throw an Error in a future version of PHP)
in APPPATH\Controllers\Statistics.php on line 211.
 1 APPPATH\Controllers\Statistics.php(211): CodeIgniter\Debug\Exceptions->errorHandler(2, 'Use of undefined constant i - assumed \'i\' (this will throw an Error in a future version of PHP)', 'APPPATH\\Controllers\\Statistics.php', 211, [...])
 2 APPPATH\Controllers\Statistics.php(63): App\Controllers\Statistics->showWeek()
 3 SYSTEMPATH\CodeIgniter.php(904): App\Controllers\Statistics->button_filter()
 4 SYSTEMPATH\CodeIgniter.php(457): CodeIgniter\CodeIgniter->runController(Object(App\Controllers\Statistics))
 5 SYSTEMPATH\CodeIgniter.php(340): CodeIgniter\CodeIgniter->handleRequest(null, Object(Config\Cache), false)
 6 FCPATH\index.php(67): CodeIgniter\CodeIgniter->run()
CRITICAL - 2022-10-19 20:55:37 --> Undefined offset: 0
in APPPATH\Controllers\Statistics.php on line 217.
 1 APPPATH\Controllers\Statistics.php(217): CodeIgniter\Debug\Exceptions->errorHandler(8, 'Undefined offset: 0', 'APPPATH\\Controllers\\Statistics.php', 217, [...])
 2 APPPATH\Controllers\Statistics.php(90): App\Controllers\Statistics->showWeek()
 3 SYSTEMPATH\CodeIgniter.php(904): App\Controllers\Statistics->button_filter()
 4 SYSTEMPATH\CodeIgniter.php(457): CodeIgniter\CodeIgniter->runController(Object(App\Controllers\Statistics))
 5 SYSTEMPATH\CodeIgniter.php(340): CodeIgniter\CodeIgniter->handleRequest(null, Object(Config\Cache), false)
 6 FCPATH\index.php(67): CodeIgniter\CodeIgniter->run()
CRITICAL - 2022-10-19 20:55:57 --> Undefined offset: 0
in APPPATH\Controllers\Statistics.php on line 216.
 1 APPPATH\Controllers\Statistics.php(216): CodeIgniter\Debug\Exceptions->errorHandler(8, 'Undefined offset: 0', 'APPPATH\\Controllers\\Statistics.php', 216, [...])
 2 APPPATH\Controllers\Statistics.php(90): App\Controllers\Statistics->showWeek()
 3 SYSTEMPATH\CodeIgniter.php(904): App\Controllers\Statistics->button_filter()
 4 SYSTEMPATH\CodeIgniter.php(457): CodeIgniter\CodeIgniter->runController(Object(App\Controllers\Statistics))
 5 SYSTEMPATH\CodeIgniter.php(340): CodeIgniter\CodeIgniter->handleRequest(null, Object(Config\Cache), false)
 6 FCPATH\index.php(67): CodeIgniter\CodeIgniter->run()
CRITICAL - 2022-10-19 20:55:59 --> Undefined offset: 0
in APPPATH\Controllers\Statistics.php on line 216.
 1 APPPATH\Controllers\Statistics.php(216): CodeIgniter\Debug\Exceptions->errorHandler(8, 'Undefined offset: 0', 'APPPATH\\Controllers\\Statistics.php', 216, [...])
 2 APPPATH\Controllers\Statistics.php(90): App\Controllers\Statistics->showWeek()
 3 SYSTEMPATH\CodeIgniter.php(904): App\Controllers\Statistics->button_filter()
 4 SYSTEMPATH\CodeIgniter.php(457): CodeIgniter\CodeIgniter->runController(Object(App\Controllers\Statistics))
 5 SYSTEMPATH\CodeIgniter.php(340): CodeIgniter\CodeIgniter->handleRequest(null, Object(Config\Cache), false)
 6 FCPATH\index.php(67): CodeIgniter\CodeIgniter->run()
CRITICAL - 2022-10-19 21:09:25 --> Undefined offset: 7
in APPPATH\Controllers\Statistics.php on line 212.
 1 APPPATH\Controllers\Statistics.php(212): CodeIgniter\Debug\Exceptions->errorHandler(8, 'Undefined offset: 7', 'APPPATH\\Controllers\\Statistics.php', 212, [...])
 2 APPPATH\Controllers\Statistics.php(90): App\Controllers\Statistics->showWeek()
 3 SYSTEMPATH\CodeIgniter.php(904): App\Controllers\Statistics->button_filter()
 4 SYSTEMPATH\CodeIgniter.php(457): CodeIgniter\CodeIgniter->runController(Object(App\Controllers\Statistics))
 5 SYSTEMPATH\CodeIgniter.php(340): CodeIgniter\CodeIgniter->handleRequest(null, Object(Config\Cache), false)
 6 FCPATH\index.php(67): CodeIgniter\CodeIgniter->run()
CRITICAL - 2022-10-19 21:20:19 --> Undefined variable: dataPoints
in APPPATH\Views\scripts\Statistics.php on line 23.
 1 APPPATH\Views\scripts\Statistics.php(23): CodeIgniter\Debug\Exceptions->errorHandler(8, 'Undefined variable: dataPoints', 'APPPATH\\Views\\scripts\\Statistics.php', 23, [...])
 2 SYSTEMPATH\View\View.php(213): include('APPPATH\\Views\\scripts\\Statistics.php')
 3 SYSTEMPATH\View\View.php(216): CodeIgniter\View\View->CodeIgniter\View\{closure}()
 4 SYSTEMPATH\Common.php(1137): CodeIgniter\View\View->render('scripts/statistics', [], true)
 5 APPPATH\Controllers\Statistics.php(241): view('scripts/statistics')
 6 APPPATH\Controllers\Statistics.php(65): App\Controllers\Statistics->showMonth()
 7 SYSTEMPATH\CodeIgniter.php(904): App\Controllers\Statistics->button_filter()
 8 SYSTEMPATH\CodeIgniter.php(457): CodeIgniter\CodeIgniter->runController(Object(App\Controllers\Statistics))
 9 SYSTEMPATH\CodeIgniter.php(340): CodeIgniter\CodeIgniter->handleRequest(null, Object(Config\Cache), false)
10 FCPATH\index.php(67): CodeIgniter\CodeIgniter->run()
CRITICAL - 2022-10-19 21:20:31 --> Call to a member function format() on string
in APPPATH\Controllers\Statistics.php on line 103.
 1 SYSTEMPATH\CodeIgniter.php(904): App\Controllers\Statistics->button_filter()
 2 SYSTEMPATH\CodeIgniter.php(457): CodeIgniter\CodeIgniter->runController(Object(App\Controllers\Statistics))
 3 SYSTEMPATH\CodeIgniter.php(340): CodeIgniter\CodeIgniter->handleRequest(null, Object(Config\Cache), false)
 4 FCPATH\index.php(67): CodeIgniter\CodeIgniter->run()
CRITICAL - 2022-10-19 21:21:17 --> Call to a member function format() on string
in APPPATH\Controllers\Statistics.php on line 105.
 1 SYSTEMPATH\CodeIgniter.php(904): App\Controllers\Statistics->button_filter()
 2 SYSTEMPATH\CodeIgniter.php(457): CodeIgniter\CodeIgniter->runController(Object(App\Controllers\Statistics))
 3 SYSTEMPATH\CodeIgniter.php(340): CodeIgniter\CodeIgniter->handleRequest(null, Object(Config\Cache), false)
 4 FCPATH\index.php(67): CodeIgniter\CodeIgniter->run()
CRITICAL - 2022-10-19 21:27:52 --> Undefined offset: 30
in APPPATH\Controllers\Statistics.php on line 259.
 1 APPPATH\Controllers\Statistics.php(259): CodeIgniter\Debug\Exceptions->errorHandler(8, 'Undefined offset: 30', 'APPPATH\\Controllers\\Statistics.php', 259, [...])
 2 APPPATH\Controllers\Statistics.php(108): App\Controllers\Statistics->showMonth()
 3 SYSTEMPATH\CodeIgniter.php(904): App\Controllers\Statistics->button_filter()
 4 SYSTEMPATH\CodeIgniter.php(457): CodeIgniter\CodeIgniter->runController(Object(App\Controllers\Statistics))
 5 SYSTEMPATH\CodeIgniter.php(340): CodeIgniter\CodeIgniter->handleRequest(null, Object(Config\Cache), false)
 6 FCPATH\index.php(67): CodeIgniter\CodeIgniter->run()
CRITICAL - 2022-10-19 22:34:05 --> Object of class DateTime could not be converted to string
in APPPATH\Controllers\Statistics.php on line 279.
 1 APPPATH\Controllers\Statistics.php(138): App\Controllers\Statistics->showYear()
 2 SYSTEMPATH\CodeIgniter.php(904): App\Controllers\Statistics->button_filter()
 3 SYSTEMPATH\CodeIgniter.php(457): CodeIgniter\CodeIgniter->runController(Object(App\Controllers\Statistics))
 4 SYSTEMPATH\CodeIgniter.php(340): CodeIgniter\CodeIgniter->handleRequest(null, Object(Config\Cache), false)
 5 FCPATH\index.php(67): CodeIgniter\CodeIgniter->run()
CRITICAL - 2022-10-19 23:04:37 --> Object of class DateTime could not be converted to string
in APPPATH\Models\StatisticsModel.php on line 71.
 1 APPPATH\Controllers\Statistics.php(287): App\Models\StatisticsModel->getMonthlyTimeSum(Object(DateTime), Object(DateTime))
 2 APPPATH\Controllers\Statistics.php(138): App\Controllers\Statistics->showYear()
 3 SYSTEMPATH\CodeIgniter.php(904): App\Controllers\Statistics->button_filter()
 4 SYSTEMPATH\CodeIgniter.php(457): CodeIgniter\CodeIgniter->runController(Object(App\Controllers\Statistics))
 5 SYSTEMPATH\CodeIgniter.php(340): CodeIgniter\CodeIgniter->handleRequest(null, Object(Config\Cache), false)
 6 FCPATH\index.php(67): CodeIgniter\CodeIgniter->run()
CRITICAL - 2022-10-19 23:04:59 --> Object of class DateTime could not be converted to string
in APPPATH\Models\StatisticsModel.php on line 71.
 1 APPPATH\Controllers\Statistics.php(287): App\Models\StatisticsModel->getMonthlyTimeSum(Object(DateTime), Object(DateTime))
 2 APPPATH\Controllers\Statistics.php(138): App\Controllers\Statistics->showYear()
 3 SYSTEMPATH\CodeIgniter.php(904): App\Controllers\Statistics->button_filter()
 4 SYSTEMPATH\CodeIgniter.php(457): CodeIgniter\CodeIgniter->runController(Object(App\Controllers\Statistics))
 5 SYSTEMPATH\CodeIgniter.php(340): CodeIgniter\CodeIgniter->handleRequest(null, Object(Config\Cache), false)
 6 FCPATH\index.php(67): CodeIgniter\CodeIgniter->run()
CRITICAL - 2022-10-19 23:05:00 --> Object of class DateTime could not be converted to string
in APPPATH\Models\StatisticsModel.php on line 71.
 1 APPPATH\Controllers\Statistics.php(287): App\Models\StatisticsModel->getMonthlyTimeSum(Object(DateTime), Object(DateTime))
 2 APPPATH\Controllers\Statistics.php(138): App\Controllers\Statistics->showYear()
 3 SYSTEMPATH\CodeIgniter.php(904): App\Controllers\Statistics->button_filter()
 4 SYSTEMPATH\CodeIgniter.php(457): CodeIgniter\CodeIgniter->runController(Object(App\Controllers\Statistics))
 5 SYSTEMPATH\CodeIgniter.php(340): CodeIgniter\CodeIgniter->handleRequest(null, Object(Config\Cache), false)
 6 FCPATH\index.php(67): CodeIgniter\CodeIgniter->run()
ERROR - 2022-10-19 23:05:23 --> mysqli_sql_exception: You have an error in your SQL syntax; check the manual that corresponds to your MariaDB server version for the right syntax to use near '.2026 and 31.01.2026' at line 3 in D:\Dokumente\XAMPP\htdocs\weekly_todos\system\Database\MySQLi\Connection.php:292
Stack trace:
#0 D:\Dokumente\XAMPP\htdocs\weekly_todos\system\Database\MySQLi\Connection.php(292): mysqli->query('\r\n        SELEC...', 0)
#1 D:\Dokumente\XAMPP\htdocs\weekly_todos\system\Database\BaseConnection.php(693): CodeIgniter\Database\MySQLi\Connection->execute('\r\n        SELEC...')
#2 D:\Dokumente\XAMPP\htdocs\weekly_todos\system\Database\BaseConnection.php(620): CodeIgniter\Database\BaseConnection->simpleQuery('\r\n        SELEC...')
#3 D:\Dokumente\XAMPP\htdocs\weekly_todos\app\Models\StatisticsModel.php(71): CodeIgniter\Database\BaseConnection->query('\r\n        SELEC...')
#4 D:\Dokumente\XAMPP\htdocs\weekly_todos\app\Controllers\Statistics.php(287): App\Models\StatisticsModel->getMonthlyTimeSum('01.01.2026', '31.01.2026')
#5 D:\Dokumente\XAMPP\htdocs\weekly_todos\app\Controllers\Statistics.php(138): App\Controllers\Statistics->showYear()
#6 D:\Dokumente\XAMPP\htdocs\weekly_todos\system\CodeIgniter.php(904): App\Controllers\Statistics->button_filter()
#7 D:\Dokumente\XAMPP\htdocs\weekly_todos\system\CodeIgniter.php(457): CodeIgniter\CodeIgniter->runController(Object(App\Controllers\Statistics))
#8 D:\Dokumente\XAMPP\htdocs\weekly_todos\system\CodeIgniter.php(340): CodeIgniter\CodeIgniter->handleRequest(NULL, Object(Config\Cache), false)
#9 D:\Dokumente\XAMPP\htdocs\weekly_todos\public\index.php(67): CodeIgniter\CodeIgniter->run()
#10 {main}
CRITICAL - 2022-10-19 23:05:23 --> You have an error in your SQL syntax; check the manual that corresponds to your MariaDB server version for the right syntax to use near '.2026 and 31.01.2026' at line 3
in SYSTEMPATH\Database\MySQLi\Connection.php on line 292.
 1 SYSTEMPATH\Database\MySQLi\Connection.php(292): mysqli->query('
        SELECT sum(completed-started)
        FROM entries
        WHERE userID = 4 and date between 01.01.2026 and 31.01.2026', 0)
 2 SYSTEMPATH\Database\BaseConnection.php(693): CodeIgniter\Database\MySQLi\Connection->execute('
        SELECT sum(completed-started)
        FROM entries
        WHERE userID = 4 and date between 01.01.2026 and 31.01.2026')
 3 SYSTEMPATH\Database\BaseConnection.php(620): CodeIgniter\Database\BaseConnection->simpleQuery('
        SELECT sum(completed-started)
        FROM entries
        WHERE userID = 4 and date between 01.01.2026 and 31.01.2026')
 4 APPPATH\Models\StatisticsModel.php(71): CodeIgniter\Database\BaseConnection->query('
        SELECT sum(completed-started)
        FROM entries
        WHERE userID = 4 and date between 01.01.2026 and 31.01.2026')
 5 APPPATH\Controllers\Statistics.php(287): App\Models\StatisticsModel->getMonthlyTimeSum('01.01.2026', '31.01.2026')
 6 APPPATH\Controllers\Statistics.php(138): App\Controllers\Statistics->showYear()
 7 SYSTEMPATH\CodeIgniter.php(904): App\Controllers\Statistics->button_filter()
 8 SYSTEMPATH\CodeIgniter.php(457): CodeIgniter\CodeIgniter->runController(Object(App\Controllers\Statistics))
 9 SYSTEMPATH\CodeIgniter.php(340): CodeIgniter\CodeIgniter->handleRequest(null, Object(Config\Cache), false)
10 FCPATH\index.php(67): CodeIgniter\CodeIgniter->run()
CRITICAL - 2022-10-19 23:13:54 --> DateTime::modify(): Failed to parse time string (last day of month) at position 12 (m): The timezone could not be found in the database
in APPPATH\Controllers\Statistics.php on line 290.
 1 [internal function]: CodeIgniter\Debug\Exceptions->errorHandler(2, 'DateTime::modify(): Failed to parse time string (last day of month) at position 12 (m): The timezone could not be found in the database', 'APPPATH\\Controllers\\Statistics.php', 290, [...])
 2 APPPATH\Controllers\Statistics.php(290): DateTime->modify('last day of month')
 3 APPPATH\Controllers\Statistics.php(138): App\Controllers\Statistics->showYear()
 4 SYSTEMPATH\CodeIgniter.php(904): App\Controllers\Statistics->button_filter()
 5 SYSTEMPATH\CodeIgniter.php(457): CodeIgniter\CodeIgniter->runController(Object(App\Controllers\Statistics))
 6 SYSTEMPATH\CodeIgniter.php(340): CodeIgniter\CodeIgniter->handleRequest(null, Object(Config\Cache), false)
 7 FCPATH\index.php(67): CodeIgniter\CodeIgniter->run()
ERROR - 2022-10-19 23:18:17 --> mysqli_sql_exception: You have an error in your SQL syntax; check the manual that corresponds to your MariaDB server version for the right syntax to use near '' at line 3 in D:\Dokumente\XAMPP\htdocs\weekly_todos\system\Database\MySQLi\Connection.php:292
Stack trace:
#0 D:\Dokumente\XAMPP\htdocs\weekly_todos\system\Database\MySQLi\Connection.php(292): mysqli->query('\r\n        SELEC...', 0)
#1 D:\Dokumente\XAMPP\htdocs\weekly_todos\system\Database\BaseConnection.php(693): CodeIgniter\Database\MySQLi\Connection->execute('\r\n        SELEC...')
#2 D:\Dokumente\XAMPP\htdocs\weekly_todos\system\Database\BaseConnection.php(620): CodeIgniter\Database\BaseConnection->simpleQuery('\r\n        SELEC...')
#3 D:\Dokumente\XAMPP\htdocs\weekly_todos\app\Models\StatisticsModel.php(71): CodeIgniter\Database\BaseConnection->query('\r\n        SELEC...')
#4 D:\Dokumente\XAMPP\htdocs\weekly_todos\app\Controllers\Statistics.php(291): App\Models\StatisticsModel->getMonthlyTimeSum('01.01.2023', '31.01.2023')
#5 D:\Dokumente\XAMPP\htdocs\weekly_todos\app\Controllers\Statistics.php(138): App\Controllers\Statistics->showYear()
#6 D:\Dokumente\XAMPP\htdocs\weekly_todos\system\CodeIgniter.php(904): App\Controllers\Statistics->button_filter()
#7 D:\Dokumente\XAMPP\htdocs\weekly_todos\system\CodeIgniter.php(457): CodeIgniter\CodeIgniter->runController(Object(App\Controllers\Statistics))
#8 D:\Dokumente\XAMPP\htdocs\weekly_todos\system\CodeIgniter.php(340): CodeIgniter\CodeIgniter->handleRequest(NULL, Object(Config\Cache), false)
#9 D:\Dokumente\XAMPP\htdocs\weekly_todos\public\index.php(67): CodeIgniter\CodeIgniter->run()
#10 {main}
CRITICAL - 2022-10-19 23:18:17 --> You have an error in your SQL syntax; check the manual that corresponds to your MariaDB server version for the right syntax to use near '' at line 3
in SYSTEMPATH\Database\MySQLi\Connection.php on line 292.
 1 SYSTEMPATH\Database\MySQLi\Connection.php(292): mysqli->query('
        SELECT sum(completed-started)
        FROM entries
        WHERE userID = 4 and date between (\'01.01.2023\' and \'31.01.2023\')', 0)
 2 SYSTEMPATH\Database\BaseConnection.php(693): CodeIgniter\Database\MySQLi\Connection->execute('
        SELECT sum(completed-started)
        FROM entries
        WHERE userID = 4 and date between (\'01.01.2023\' and \'31.01.2023\')')
 3 SYSTEMPATH\Database\BaseConnection.php(620): CodeIgniter\Database\BaseConnection->simpleQuery('
        SELECT sum(completed-started)
        FROM entries
        WHERE userID = 4 and date between (\'01.01.2023\' and \'31.01.2023\')')
 4 APPPATH\Models\StatisticsModel.php(71): CodeIgniter\Database\BaseConnection->query('
        SELECT sum(completed-started)
        FROM entries
        WHERE userID = 4 and date between (\'01.01.2023\' and \'31.01.2023\')')
 5 APPPATH\Controllers\Statistics.php(291): App\Models\StatisticsModel->getMonthlyTimeSum('01.01.2023', '31.01.2023')
 6 APPPATH\Controllers\Statistics.php(138): App\Controllers\Statistics->showYear()
 7 SYSTEMPATH\CodeIgniter.php(904): App\Controllers\Statistics->button_filter()
 8 SYSTEMPATH\CodeIgniter.php(457): CodeIgniter\CodeIgniter->runController(Object(App\Controllers\Statistics))
 9 SYSTEMPATH\CodeIgniter.php(340): CodeIgniter\CodeIgniter->handleRequest(null, Object(Config\Cache), false)
10 FCPATH\index.php(67): CodeIgniter\CodeIgniter->run()
ERROR - 2022-10-19 23:18:56 --> mysqli_sql_exception: You have an error in your SQL syntax; check the manual that corresponds to your MariaDB server version for the right syntax to use near '' at line 3 in D:\Dokumente\XAMPP\htdocs\weekly_todos\system\Database\MySQLi\Connection.php:292
Stack trace:
#0 D:\Dokumente\XAMPP\htdocs\weekly_todos\system\Database\MySQLi\Connection.php(292): mysqli->query('\r\n        SELEC...', 0)
#1 D:\Dokumente\XAMPP\htdocs\weekly_todos\system\Database\BaseConnection.php(693): CodeIgniter\Database\MySQLi\Connection->execute('\r\n        SELEC...')
#2 D:\Dokumente\XAMPP\htdocs\weekly_todos\system\Database\BaseConnection.php(620): CodeIgniter\Database\BaseConnection->simpleQuery('\r\n        SELEC...')
#3 D:\Dokumente\XAMPP\htdocs\weekly_todos\app\Models\StatisticsModel.php(71): CodeIgniter\Database\BaseConnection->query('\r\n        SELEC...')
#4 D:\Dokumente\XAMPP\htdocs\weekly_todos\app\Controllers\Statistics.php(291): App\Models\StatisticsModel->getMonthlyTimeSum('01.01.2025', '31.01.2025')
#5 D:\Dokumente\XAMPP\htdocs\weekly_todos\app\Controllers\Statistics.php(138): App\Controllers\Statistics->showYear()
#6 D:\Dokumente\XAMPP\htdocs\weekly_todos\system\CodeIgniter.php(904): App\Controllers\Statistics->button_filter()
#7 D:\Dokumente\XAMPP\htdocs\weekly_todos\system\CodeIgniter.php(457): CodeIgniter\CodeIgniter->runController(Object(App\Controllers\Statistics))
#8 D:\Dokumente\XAMPP\htdocs\weekly_todos\system\CodeIgniter.php(340): CodeIgniter\CodeIgniter->handleRequest(NULL, Object(Config\Cache), false)
#9 D:\Dokumente\XAMPP\htdocs\weekly_todos\public\index.php(67): CodeIgniter\CodeIgniter->run()
#10 {main}
CRITICAL - 2022-10-19 23:18:56 --> You have an error in your SQL syntax; check the manual that corresponds to your MariaDB server version for the right syntax to use near '' at line 3
in SYSTEMPATH\Database\MySQLi\Connection.php on line 292.
 1 SYSTEMPATH\Database\MySQLi\Connection.php(292): mysqli->query('
        SELECT sum(completed-started)
        FROM entries
        WHERE userID = 4 and date between (\'01.01.2025\' and \'31.01.2025\')', 0)
 2 SYSTEMPATH\Database\BaseConnection.php(693): CodeIgniter\Database\MySQLi\Connection->execute('
        SELECT sum(completed-started)
        FROM entries
        WHERE userID = 4 and date between (\'01.01.2025\' and \'31.01.2025\')')
 3 SYSTEMPATH\Database\BaseConnection.php(620): CodeIgniter\Database\BaseConnection->simpleQuery('
        SELECT sum(completed-started)
        FROM entries
        WHERE userID = 4 and date between (\'01.01.2025\' and \'31.01.2025\')')
 4 APPPATH\Models\StatisticsModel.php(71): CodeIgniter\Database\BaseConnection->query('
        SELECT sum(completed-started)
        FROM entries
        WHERE userID = 4 and date between (\'01.01.2025\' and \'31.01.2025\')')
 5 APPPATH\Controllers\Statistics.php(291): App\Models\StatisticsModel->getMonthlyTimeSum('01.01.2025', '31.01.2025')
 6 APPPATH\Controllers\Statistics.php(138): App\Controllers\Statistics->showYear()
 7 SYSTEMPATH\CodeIgniter.php(904): App\Controllers\Statistics->button_filter()
 8 SYSTEMPATH\CodeIgniter.php(457): CodeIgniter\CodeIgniter->runController(Object(App\Controllers\Statistics))
 9 SYSTEMPATH\CodeIgniter.php(340): CodeIgniter\CodeIgniter->handleRequest(null, Object(Config\Cache), false)
10 FCPATH\index.php(67): CodeIgniter\CodeIgniter->run()
ERROR - 2022-10-19 23:19:33 --> mysqli_sql_exception: You have an error in your SQL syntax; check the manual that corresponds to your MariaDB server version for the right syntax to use near '' at line 3 in D:\Dokumente\XAMPP\htdocs\weekly_todos\system\Database\MySQLi\Connection.php:292
Stack trace:
#0 D:\Dokumente\XAMPP\htdocs\weekly_todos\system\Database\MySQLi\Connection.php(292): mysqli->query('\r\n        SELEC...', 0)
#1 D:\Dokumente\XAMPP\htdocs\weekly_todos\system\Database\BaseConnection.php(693): CodeIgniter\Database\MySQLi\Connection->execute('\r\n        SELEC...')
#2 D:\Dokumente\XAMPP\htdocs\weekly_todos\system\Database\BaseConnection.php(620): CodeIgniter\Database\BaseConnection->simpleQuery('\r\n        SELEC...')
#3 D:\Dokumente\XAMPP\htdocs\weekly_todos\app\Models\StatisticsModel.php(71): CodeIgniter\Database\BaseConnection->query('\r\n        SELEC...')
#4 D:\Dokumente\XAMPP\htdocs\weekly_todos\app\Controllers\Statistics.php(291): App\Models\StatisticsModel->getMonthlyTimeSum('01.01.2026', '31.01.2026')
#5 D:\Dokumente\XAMPP\htdocs\weekly_todos\app\Controllers\Statistics.php(138): App\Controllers\Statistics->showYear()
#6 D:\Dokumente\XAMPP\htdocs\weekly_todos\system\CodeIgniter.php(904): App\Controllers\Statistics->button_filter()
#7 D:\Dokumente\XAMPP\htdocs\weekly_todos\system\CodeIgniter.php(457): CodeIgniter\CodeIgniter->runController(Object(App\Controllers\Statistics))
#8 D:\Dokumente\XAMPP\htdocs\weekly_todos\system\CodeIgniter.php(340): CodeIgniter\CodeIgniter->handleRequest(NULL, Object(Config\Cache), false)
#9 D:\Dokumente\XAMPP\htdocs\weekly_todos\public\index.php(67): CodeIgniter\CodeIgniter->run()
#10 {main}
CRITICAL - 2022-10-19 23:19:33 --> You have an error in your SQL syntax; check the manual that corresponds to your MariaDB server version for the right syntax to use near '' at line 3
in SYSTEMPATH\Database\MySQLi\Connection.php on line 292.
 1 SYSTEMPATH\Database\MySQLi\Connection.php(292): mysqli->query('
        SELECT sum(completed-started)
        FROM entries
        WHERE userID = \'4\' and date between (\'01.01.2026\' and \'31.01.2026\')', 0)
 2 SYSTEMPATH\Database\BaseConnection.php(693): CodeIgniter\Database\MySQLi\Connection->execute('
        SELECT sum(completed-started)
        FROM entries
        WHERE userID = \'4\' and date between (\'01.01.2026\' and \'31.01.2026\')')
 3 SYSTEMPATH\Database\BaseConnection.php(620): CodeIgniter\Database\BaseConnection->simpleQuery('
        SELECT sum(completed-started)
        FROM entries
        WHERE userID = \'4\' and date between (\'01.01.2026\' and \'31.01.2026\')')
 4 APPPATH\Models\StatisticsModel.php(71): CodeIgniter\Database\BaseConnection->query('
        SELECT sum(completed-started)
        FROM entries
        WHERE userID = \'4\' and date between (\'01.01.2026\' and \'31.01.2026\')')
 5 APPPATH\Controllers\Statistics.php(291): App\Models\StatisticsModel->getMonthlyTimeSum('01.01.2026', '31.01.2026')
 6 APPPATH\Controllers\Statistics.php(138): App\Controllers\Statistics->showYear()
 7 SYSTEMPATH\CodeIgniter.php(904): App\Controllers\Statistics->button_filter()
 8 SYSTEMPATH\CodeIgniter.php(457): CodeIgniter\CodeIgniter->runController(Object(App\Controllers\Statistics))
 9 SYSTEMPATH\CodeIgniter.php(340): CodeIgniter\CodeIgniter->handleRequest(null, Object(Config\Cache), false)
10 FCPATH\index.php(67): CodeIgniter\CodeIgniter->run()
