CRITICAL - 2022-10-16 00:00:54 --> Undefined offset: 0
in APPPATH\Controllers\Statistics.php on line 37.
 1 APPPATH\Controllers\Statistics.php(37): CodeIgniter\Debug\Exceptions->errorHandler(8, 'Undefined offset: 0', 'APPPATH\\Controllers\\Statistics.php', 37, [...])
 2 SYSTEMPATH\CodeIgniter.php(904): App\Controllers\Statistics->index()
 3 SYSTEMPATH\CodeIgniter.php(457): CodeIgniter\CodeIgniter->runController(Object(App\Controllers\Statistics))
 4 SYSTEMPATH\CodeIgniter.php(340): CodeIgniter\CodeIgniter->handleRequest(null, Object(Config\Cache), false)
 5 FCPATH\index.php(67): CodeIgniter\CodeIgniter->run()
CRITICAL - 2022-10-16 00:02:12 --> Undefined offset: 0
in APPPATH\Controllers\Statistics.php on line 36.
 1 APPPATH\Controllers\Statistics.php(36): CodeIgniter\Debug\Exceptions->errorHandler(8, 'Undefined offset: 0', 'APPPATH\\Controllers\\Statistics.php', 36, [...])
 2 SYSTEMPATH\CodeIgniter.php(904): App\Controllers\Statistics->index()
 3 SYSTEMPATH\CodeIgniter.php(457): CodeIgniter\CodeIgniter->runController(Object(App\Controllers\Statistics))
 4 SYSTEMPATH\CodeIgniter.php(340): CodeIgniter\CodeIgniter->handleRequest(null, Object(Config\Cache), false)
 5 FCPATH\index.php(67): CodeIgniter\CodeIgniter->run()
CRITICAL - 2022-10-16 00:02:13 --> Undefined offset: 0
in APPPATH\Controllers\Statistics.php on line 36.
 1 APPPATH\Controllers\Statistics.php(36): CodeIgniter\Debug\Exceptions->errorHandler(8, 'Undefined offset: 0', 'APPPATH\\Controllers\\Statistics.php', 36, [...])
 2 SYSTEMPATH\CodeIgniter.php(904): App\Controllers\Statistics->index()
 3 SYSTEMPATH\CodeIgniter.php(457): CodeIgniter\CodeIgniter->runController(Object(App\Controllers\Statistics))
 4 SYSTEMPATH\CodeIgniter.php(340): CodeIgniter\CodeIgniter->handleRequest(null, Object(Config\Cache), false)
 5 FCPATH\index.php(67): CodeIgniter\CodeIgniter->run()
CRITICAL - 2022-10-16 00:04:03 --> Undefined offset: 0
in APPPATH\Controllers\Statistics.php on line 37.
 1 APPPATH\Controllers\Statistics.php(37): CodeIgniter\Debug\Exceptions->errorHandler(8, 'Undefined offset: 0', 'APPPATH\\Controllers\\Statistics.php', 37, [...])
 2 SYSTEMPATH\CodeIgniter.php(904): App\Controllers\Statistics->index()
 3 SYSTEMPATH\CodeIgniter.php(457): CodeIgniter\CodeIgniter->runController(Object(App\Controllers\Statistics))
 4 SYSTEMPATH\CodeIgniter.php(340): CodeIgniter\CodeIgniter->handleRequest(null, Object(Config\Cache), false)
 5 FCPATH\index.php(67): CodeIgniter\CodeIgniter->run()
CRITICAL - 2022-10-16 00:13:16 --> array_push() expects parameter 1 to be array, null given
in APPPATH\Controllers\Statistics.php on line 39.
 1 [internal function]: CodeIgniter\Debug\Exceptions->errorHandler(2, 'array_push() expects parameter 1 to be array, null given', 'APPPATH\\Controllers\\Statistics.php', 39, [...])
 2 APPPATH\Controllers\Statistics.php(39): array_push(null, [...])
 3 SYSTEMPATH\CodeIgniter.php(904): App\Controllers\Statistics->index()
 4 SYSTEMPATH\CodeIgniter.php(457): CodeIgniter\CodeIgniter->runController(Object(App\Controllers\Statistics))
 5 SYSTEMPATH\CodeIgniter.php(340): CodeIgniter\CodeIgniter->handleRequest(null, Object(Config\Cache), false)
 6 FCPATH\index.php(67): CodeIgniter\CodeIgniter->run()
CRITICAL - 2022-10-16 00:13:22 --> array_push() expects parameter 1 to be array, null given
in APPPATH\Controllers\Statistics.php on line 39.
 1 [internal function]: CodeIgniter\Debug\Exceptions->errorHandler(2, 'array_push() expects parameter 1 to be array, null given', 'APPPATH\\Controllers\\Statistics.php', 39, [...])
 2 APPPATH\Controllers\Statistics.php(39): array_push(null, [...])
 3 SYSTEMPATH\CodeIgniter.php(904): App\Controllers\Statistics->index()
 4 SYSTEMPATH\CodeIgniter.php(457): CodeIgniter\CodeIgniter->runController(Object(App\Controllers\Statistics))
 5 SYSTEMPATH\CodeIgniter.php(340): CodeIgniter\CodeIgniter->handleRequest(null, Object(Config\Cache), false)
 6 FCPATH\index.php(67): CodeIgniter\CodeIgniter->run()
CRITICAL - 2022-10-16 00:13:35 --> array_push() expects parameter 1 to be array, null given
in APPPATH\Controllers\Statistics.php on line 39.
 1 [internal function]: CodeIgniter\Debug\Exceptions->errorHandler(2, 'array_push() expects parameter 1 to be array, null given', 'APPPATH\\Controllers\\Statistics.php', 39, [...])
 2 APPPATH\Controllers\Statistics.php(39): array_push(null, [...])
 3 SYSTEMPATH\CodeIgniter.php(904): App\Controllers\Statistics->index()
 4 SYSTEMPATH\CodeIgniter.php(457): CodeIgniter\CodeIgniter->runController(Object(App\Controllers\Statistics))
 5 SYSTEMPATH\CodeIgniter.php(340): CodeIgniter\CodeIgniter->handleRequest(null, Object(Config\Cache), false)
 6 FCPATH\index.php(67): CodeIgniter\CodeIgniter->run()
CRITICAL - 2022-10-16 10:40:37 --> Too few arguments to function App\Controllers\WeekOverview::button_filter(), 0 passed in D:\Dokumente\XAMPP\htdocs\weekly_todos\system\CodeIgniter.php on line 904 and exactly 1 expected
in APPPATH\Controllers\WeekOverview.php on line 38.
 1 SYSTEMPATH\CodeIgniter.php(904): App\Controllers\WeekOverview->button_filter()
 2 SYSTEMPATH\CodeIgniter.php(457): CodeIgniter\CodeIgniter->runController(Object(App\Controllers\WeekOverview))
 3 SYSTEMPATH\CodeIgniter.php(340): CodeIgniter\CodeIgniter->handleRequest(null, Object(Config\Cache), false)
 4 FCPATH\index.php(67): CodeIgniter\CodeIgniter->run()
CRITICAL - 2022-10-16 10:43:05 --> Too few arguments to function App\Controllers\WeekOverview::button_filter(), 0 passed in D:\Dokumente\XAMPP\htdocs\weekly_todos\system\CodeIgniter.php on line 904 and exactly 1 expected
in APPPATH\Controllers\WeekOverview.php on line 38.
 1 SYSTEMPATH\CodeIgniter.php(904): App\Controllers\WeekOverview->button_filter()
 2 SYSTEMPATH\CodeIgniter.php(457): CodeIgniter\CodeIgniter->runController(Object(App\Controllers\WeekOverview))
 3 SYSTEMPATH\CodeIgniter.php(340): CodeIgniter\CodeIgniter->handleRequest(null, Object(Config\Cache), false)
 4 FCPATH\index.php(67): CodeIgniter\CodeIgniter->run()
CRITICAL - 2022-10-16 10:43:09 --> Too few arguments to function App\Controllers\WeekOverview::button_filter(), 0 passed in D:\Dokumente\XAMPP\htdocs\weekly_todos\system\CodeIgniter.php on line 904 and exactly 1 expected
in APPPATH\Controllers\WeekOverview.php on line 38.
 1 SYSTEMPATH\CodeIgniter.php(904): App\Controllers\WeekOverview->button_filter()
 2 SYSTEMPATH\CodeIgniter.php(457): CodeIgniter\CodeIgniter->runController(Object(App\Controllers\WeekOverview))
 3 SYSTEMPATH\CodeIgniter.php(340): CodeIgniter\CodeIgniter->handleRequest(null, Object(Config\Cache), false)
 4 FCPATH\index.php(67): CodeIgniter\CodeIgniter->run()
