CRITICAL - 2022-09-16 07:24:55 --> Class 'EJ\DatePicker' not found
in APPPATH\Views\pages\WeekOverview.php on line 68.
 1 SYSTEMPATH\View\View.php(213): include()
 2 SYSTEMPATH\View\View.php(216): CodeIgniter\View\View->CodeIgniter\View\{closure}()
 3 SYSTEMPATH\Common.php(1137): CodeIgniter\View\View->render('pages/WeekOverview', [], true)
 4 APPPATH\Controllers\WeekOverview.php(20): view('pages/WeekOverview', [...])
 5 SYSTEMPATH\CodeIgniter.php(904): App\Controllers\WeekOverview->index()
 6 SYSTEMPATH\CodeIgniter.php(457): CodeIgniter\CodeIgniter->runController(Object(App\Controllers\WeekOverview))
 7 SYSTEMPATH\CodeIgniter.php(340): CodeIgniter\CodeIgniter->handleRequest(null, Object(Config\Cache), false)
 8 FCPATH\index.php(67): CodeIgniter\CodeIgniter->run()
CRITICAL - 2022-09-16 07:25:06 --> Class 'EJ\DatePicker' not found
in APPPATH\Views\pages\WeekOverview.php on line 68.
 1 SYSTEMPATH\View\View.php(213): include()
 2 SYSTEMPATH\View\View.php(216): CodeIgniter\View\View->CodeIgniter\View\{closure}()
 3 SYSTEMPATH\Common.php(1137): CodeIgniter\View\View->render('pages/WeekOverview', [], true)
 4 APPPATH\Controllers\WeekOverview.php(20): view('pages/WeekOverview', [...])
 5 SYSTEMPATH\CodeIgniter.php(904): App\Controllers\WeekOverview->index()
 6 SYSTEMPATH\CodeIgniter.php(457): CodeIgniter\CodeIgniter->runController(Object(App\Controllers\WeekOverview))
 7 SYSTEMPATH\CodeIgniter.php(340): CodeIgniter\CodeIgniter->handleRequest(null, Object(Config\Cache), false)
 8 FCPATH\index.php(67): CodeIgniter\CodeIgniter->run()
CRITICAL - 2022-09-16 07:26:19 --> Class 'EJ\DatePicker' not found
in APPPATH\Views\pages\WeekOverview.php on line 68.
 1 SYSTEMPATH\View\View.php(213): include()
 2 SYSTEMPATH\View\View.php(216): CodeIgniter\View\View->CodeIgniter\View\{closure}()
 3 SYSTEMPATH\Common.php(1137): CodeIgniter\View\View->render('pages/WeekOverview', [], true)
 4 APPPATH\Controllers\WeekOverview.php(20): view('pages/WeekOverview', [...])
 5 SYSTEMPATH\CodeIgniter.php(904): App\Controllers\WeekOverview->index()
 6 SYSTEMPATH\CodeIgniter.php(457): CodeIgniter\CodeIgniter->runController(Object(App\Controllers\WeekOverview))
 7 SYSTEMPATH\CodeIgniter.php(340): CodeIgniter\CodeIgniter->handleRequest(null, Object(Config\Cache), false)
 8 FCPATH\index.php(67): CodeIgniter\CodeIgniter->run()
CRITICAL - 2022-09-16 07:28:13 --> Class 'EJ\DatePicker' not found
in APPPATH\Views\pages\WeekOverview.php on line 68.
 1 SYSTEMPATH\View\View.php(213): include()
 2 SYSTEMPATH\View\View.php(216): CodeIgniter\View\View->CodeIgniter\View\{closure}()
 3 SYSTEMPATH\Common.php(1137): CodeIgniter\View\View->render('pages/WeekOverview', [], true)
 4 APPPATH\Controllers\WeekOverview.php(20): view('pages/WeekOverview', [...])
 5 SYSTEMPATH\CodeIgniter.php(904): App\Controllers\WeekOverview->index()
 6 SYSTEMPATH\CodeIgniter.php(457): CodeIgniter\CodeIgniter->runController(Object(App\Controllers\WeekOverview))
 7 SYSTEMPATH\CodeIgniter.php(340): CodeIgniter\CodeIgniter->handleRequest(null, Object(Config\Cache), false)
 8 FCPATH\index.php(67): CodeIgniter\CodeIgniter->run()
CRITICAL - 2022-09-16 07:28:28 --> Class 'EJ\DatePicker' not found
in APPPATH\Views\pages\WeekOverview.php on line 68.
 1 SYSTEMPATH\View\View.php(213): include()
 2 SYSTEMPATH\View\View.php(216): CodeIgniter\View\View->CodeIgniter\View\{closure}()
 3 SYSTEMPATH\Common.php(1137): CodeIgniter\View\View->render('pages/WeekOverview', [], true)
 4 APPPATH\Controllers\WeekOverview.php(20): view('pages/WeekOverview', [...])
 5 SYSTEMPATH\CodeIgniter.php(904): App\Controllers\WeekOverview->index()
 6 SYSTEMPATH\CodeIgniter.php(457): CodeIgniter\CodeIgniter->runController(Object(App\Controllers\WeekOverview))
 7 SYSTEMPATH\CodeIgniter.php(340): CodeIgniter\CodeIgniter->handleRequest(null, Object(Config\Cache), false)
 8 FCPATH\index.php(67): CodeIgniter\CodeIgniter->run()
CRITICAL - 2022-09-16 11:33:29 --> Undefined index: my-input
in APPPATH\Views\pages\WeekOverview.php on line 40.
 1 APPPATH\Views\pages\WeekOverview.php(40): CodeIgniter\Debug\Exceptions->errorHandler(8, 'Undefined index: my-input', 'APPPATH\\Views\\pages\\WeekOverview.php', 40, [...])
 2 SYSTEMPATH\View\View.php(213): include('APPPATH\\Views\\pages\\WeekOverview.php')
 3 SYSTEMPATH\View\View.php(216): CodeIgniter\View\View->CodeIgniter\View\{closure}()
 4 SYSTEMPATH\Common.php(1137): CodeIgniter\View\View->render('pages/WeekOverview', [], true)
 5 APPPATH\Controllers\WeekOverview.php(20): view('pages/WeekOverview', [...])
 6 SYSTEMPATH\CodeIgniter.php(904): App\Controllers\WeekOverview->index()
 7 SYSTEMPATH\CodeIgniter.php(457): CodeIgniter\CodeIgniter->runController(Object(App\Controllers\WeekOverview))
 8 SYSTEMPATH\CodeIgniter.php(340): CodeIgniter\CodeIgniter->handleRequest(null, Object(Config\Cache), false)
 9 FCPATH\index.php(67): CodeIgniter\CodeIgniter->run()
CRITICAL - 2022-09-16 11:34:45 --> Undefined index: my-input
in APPPATH\Views\pages\WeekOverview.php on line 39.
 1 APPPATH\Views\pages\WeekOverview.php(39): CodeIgniter\Debug\Exceptions->errorHandler(8, 'Undefined index: my-input', 'APPPATH\\Views\\pages\\WeekOverview.php', 39, [...])
 2 SYSTEMPATH\View\View.php(213): include('APPPATH\\Views\\pages\\WeekOverview.php')
 3 SYSTEMPATH\View\View.php(216): CodeIgniter\View\View->CodeIgniter\View\{closure}()
 4 SYSTEMPATH\Common.php(1137): CodeIgniter\View\View->render('pages/WeekOverview', [], true)
 5 APPPATH\Controllers\WeekOverview.php(20): view('pages/WeekOverview', [...])
 6 SYSTEMPATH\CodeIgniter.php(904): App\Controllers\WeekOverview->index()
 7 SYSTEMPATH\CodeIgniter.php(457): CodeIgniter\CodeIgniter->runController(Object(App\Controllers\WeekOverview))
 8 SYSTEMPATH\CodeIgniter.php(340): CodeIgniter\CodeIgniter->handleRequest(null, Object(Config\Cache), false)
 9 FCPATH\index.php(67): CodeIgniter\CodeIgniter->run()
CRITICAL - 2022-09-16 11:34:56 --> Undefined index: my-input
in APPPATH\Views\pages\WeekOverview.php on line 79.
 1 APPPATH\Views\pages\WeekOverview.php(79): CodeIgniter\Debug\Exceptions->errorHandler(8, 'Undefined index: my-input', 'APPPATH\\Views\\pages\\WeekOverview.php', 79, [...])
 2 SYSTEMPATH\View\View.php(213): include('APPPATH\\Views\\pages\\WeekOverview.php')
 3 SYSTEMPATH\View\View.php(216): CodeIgniter\View\View->CodeIgniter\View\{closure}()
 4 SYSTEMPATH\Common.php(1137): CodeIgniter\View\View->render('pages/WeekOverview', [], true)
 5 APPPATH\Controllers\WeekOverview.php(20): view('pages/WeekOverview', [...])
 6 SYSTEMPATH\CodeIgniter.php(904): App\Controllers\WeekOverview->index()
 7 SYSTEMPATH\CodeIgniter.php(457): CodeIgniter\CodeIgniter->runController(Object(App\Controllers\WeekOverview))
 8 SYSTEMPATH\CodeIgniter.php(340): CodeIgniter\CodeIgniter->handleRequest(null, Object(Config\Cache), false)
 9 FCPATH\index.php(67): CodeIgniter\CodeIgniter->run()
CRITICAL - 2022-09-16 11:36:21 --> Undefined index: my-input
in APPPATH\Views\pages\WeekOverview.php on line 39.
 1 APPPATH\Views\pages\WeekOverview.php(39): CodeIgniter\Debug\Exceptions->errorHandler(8, 'Undefined index: my-input', 'APPPATH\\Views\\pages\\WeekOverview.php', 39, [...])
 2 SYSTEMPATH\View\View.php(213): include('APPPATH\\Views\\pages\\WeekOverview.php')
 3 SYSTEMPATH\View\View.php(216): CodeIgniter\View\View->CodeIgniter\View\{closure}()
 4 SYSTEMPATH\Common.php(1137): CodeIgniter\View\View->render('pages/WeekOverview', [], true)
 5 APPPATH\Controllers\WeekOverview.php(20): view('pages/WeekOverview', [...])
 6 SYSTEMPATH\CodeIgniter.php(904): App\Controllers\WeekOverview->index()
 7 SYSTEMPATH\CodeIgniter.php(457): CodeIgniter\CodeIgniter->runController(Object(App\Controllers\WeekOverview))
 8 SYSTEMPATH\CodeIgniter.php(340): CodeIgniter\CodeIgniter->handleRequest(null, Object(Config\Cache), false)
 9 FCPATH\index.php(67): CodeIgniter\CodeIgniter->run()
CRITICAL - 2022-09-16 11:36:44 --> Undefined index: my-input
in APPPATH\Views\pages\WeekOverview.php on line 39.
 1 APPPATH\Views\pages\WeekOverview.php(39): CodeIgniter\Debug\Exceptions->errorHandler(8, 'Undefined index: my-input', 'APPPATH\\Views\\pages\\WeekOverview.php', 39, [...])
 2 SYSTEMPATH\View\View.php(213): include('APPPATH\\Views\\pages\\WeekOverview.php')
 3 SYSTEMPATH\View\View.php(216): CodeIgniter\View\View->CodeIgniter\View\{closure}()
 4 SYSTEMPATH\Common.php(1137): CodeIgniter\View\View->render('pages/WeekOverview', [], true)
 5 APPPATH\Controllers\WeekOverview.php(20): view('pages/WeekOverview', [...])
 6 SYSTEMPATH\CodeIgniter.php(904): App\Controllers\WeekOverview->index()
 7 SYSTEMPATH\CodeIgniter.php(457): CodeIgniter\CodeIgniter->runController(Object(App\Controllers\WeekOverview))
 8 SYSTEMPATH\CodeIgniter.php(340): CodeIgniter\CodeIgniter->handleRequest(null, Object(Config\Cache), false)
 9 FCPATH\index.php(67): CodeIgniter\CodeIgniter->run()
CRITICAL - 2022-09-16 11:37:12 --> Undefined index: my-input
in APPPATH\Views\pages\WeekOverview.php on line 39.
 1 APPPATH\Views\pages\WeekOverview.php(39): CodeIgniter\Debug\Exceptions->errorHandler(8, 'Undefined index: my-input', 'APPPATH\\Views\\pages\\WeekOverview.php', 39, [...])
 2 SYSTEMPATH\View\View.php(213): include('APPPATH\\Views\\pages\\WeekOverview.php')
 3 SYSTEMPATH\View\View.php(216): CodeIgniter\View\View->CodeIgniter\View\{closure}()
 4 SYSTEMPATH\Common.php(1137): CodeIgniter\View\View->render('pages/WeekOverview', [], true)
 5 APPPATH\Controllers\WeekOverview.php(21): view('pages/WeekOverview', [...])
 6 SYSTEMPATH\CodeIgniter.php(904): App\Controllers\WeekOverview->index()
 7 SYSTEMPATH\CodeIgniter.php(457): CodeIgniter\CodeIgniter->runController(Object(App\Controllers\WeekOverview))
 8 SYSTEMPATH\CodeIgniter.php(340): CodeIgniter\CodeIgniter->handleRequest(null, Object(Config\Cache), false)
 9 FCPATH\index.php(67): CodeIgniter\CodeIgniter->run()
CRITICAL - 2022-09-16 11:38:06 --> Undefined index: my-input
in APPPATH\Views\pages\WeekOverview.php on line 39.
 1 APPPATH\Views\pages\WeekOverview.php(39): CodeIgniter\Debug\Exceptions->errorHandler(8, 'Undefined index: my-input', 'APPPATH\\Views\\pages\\WeekOverview.php', 39, [...])
 2 SYSTEMPATH\View\View.php(213): include('APPPATH\\Views\\pages\\WeekOverview.php')
 3 SYSTEMPATH\View\View.php(216): CodeIgniter\View\View->CodeIgniter\View\{closure}()
 4 SYSTEMPATH\Common.php(1137): CodeIgniter\View\View->render('pages/WeekOverview', [], true)
 5 APPPATH\Controllers\WeekOverview.php(21): view('pages/WeekOverview', [...])
 6 SYSTEMPATH\CodeIgniter.php(904): App\Controllers\WeekOverview->index()
 7 SYSTEMPATH\CodeIgniter.php(457): CodeIgniter\CodeIgniter->runController(Object(App\Controllers\WeekOverview))
 8 SYSTEMPATH\CodeIgniter.php(340): CodeIgniter\CodeIgniter->handleRequest(null, Object(Config\Cache), false)
 9 FCPATH\index.php(67): CodeIgniter\CodeIgniter->run()
CRITICAL - 2022-09-16 11:38:33 --> Undefined index: my-input
in APPPATH\Views\pages\WeekOverview.php on line 39.
 1 APPPATH\Views\pages\WeekOverview.php(39): CodeIgniter\Debug\Exceptions->errorHandler(8, 'Undefined index: my-input', 'APPPATH\\Views\\pages\\WeekOverview.php', 39, [...])
 2 SYSTEMPATH\View\View.php(213): include('APPPATH\\Views\\pages\\WeekOverview.php')
 3 SYSTEMPATH\View\View.php(216): CodeIgniter\View\View->CodeIgniter\View\{closure}()
 4 SYSTEMPATH\Common.php(1137): CodeIgniter\View\View->render('pages/WeekOverview', [], true)
 5 APPPATH\Controllers\WeekOverview.php(21): view('pages/WeekOverview', [...])
 6 SYSTEMPATH\CodeIgniter.php(904): App\Controllers\WeekOverview->index()
 7 SYSTEMPATH\CodeIgniter.php(457): CodeIgniter\CodeIgniter->runController(Object(App\Controllers\WeekOverview))
 8 SYSTEMPATH\CodeIgniter.php(340): CodeIgniter\CodeIgniter->handleRequest(null, Object(Config\Cache), false)
 9 FCPATH\index.php(67): CodeIgniter\CodeIgniter->run()
CRITICAL - 2022-09-16 13:48:44 --> Use of undefined constant dateInput - assumed 'dateInput' (this will throw an Error in a future version of PHP)
in APPPATH\Controllers\WeekOverview.php on line 56.
 1 APPPATH\Controllers\WeekOverview.php(56): CodeIgniter\Debug\Exceptions->errorHandler(2, 'Use of undefined constant dateInput - assumed \'dateInput\' (this will throw an Error in a future version of PHP)', 'APPPATH\\Controllers\\WeekOverview.php', 56, [])
 2 SYSTEMPATH\CodeIgniter.php(904): App\Controllers\WeekOverview->pickDate()
 3 SYSTEMPATH\CodeIgniter.php(457): CodeIgniter\CodeIgniter->runController(Object(App\Controllers\WeekOverview))
 4 SYSTEMPATH\CodeIgniter.php(340): CodeIgniter\CodeIgniter->handleRequest(null, Object(Config\Cache), false)
 5 FCPATH\index.php(67): CodeIgniter\CodeIgniter->run()
CRITICAL - 2022-09-16 13:49:30 --> Use of undefined constant my - assumed 'my' (this will throw an Error in a future version of PHP)
in APPPATH\Controllers\WeekOverview.php on line 56.
 1 APPPATH\Controllers\WeekOverview.php(56): CodeIgniter\Debug\Exceptions->errorHandler(2, 'Use of undefined constant my - assumed \'my\' (this will throw an Error in a future version of PHP)', 'APPPATH\\Controllers\\WeekOverview.php', 56, [])
 2 SYSTEMPATH\CodeIgniter.php(904): App\Controllers\WeekOverview->pickDate()
 3 SYSTEMPATH\CodeIgniter.php(457): CodeIgniter\CodeIgniter->runController(Object(App\Controllers\WeekOverview))
 4 SYSTEMPATH\CodeIgniter.php(340): CodeIgniter\CodeIgniter->handleRequest(null, Object(Config\Cache), false)
 5 FCPATH\index.php(67): CodeIgniter\CodeIgniter->run()
CRITICAL - 2022-09-16 13:50:11 --> Use of undefined constant dateInput - assumed 'dateInput' (this will throw an Error in a future version of PHP)
in APPPATH\Controllers\WeekOverview.php on line 56.
 1 APPPATH\Controllers\WeekOverview.php(56): CodeIgniter\Debug\Exceptions->errorHandler(2, 'Use of undefined constant dateInput - assumed \'dateInput\' (this will throw an Error in a future version of PHP)', 'APPPATH\\Controllers\\WeekOverview.php', 56, [])
 2 SYSTEMPATH\CodeIgniter.php(904): App\Controllers\WeekOverview->pickDate()
 3 SYSTEMPATH\CodeIgniter.php(457): CodeIgniter\CodeIgniter->runController(Object(App\Controllers\WeekOverview))
 4 SYSTEMPATH\CodeIgniter.php(340): CodeIgniter\CodeIgniter->handleRequest(null, Object(Config\Cache), false)
 5 FCPATH\index.php(67): CodeIgniter\CodeIgniter->run()
CRITICAL - 2022-09-16 13:50:33 --> Use of undefined constant dateInput - assumed 'dateInput' (this will throw an Error in a future version of PHP)
in APPPATH\Controllers\WeekOverview.php on line 56.
 1 APPPATH\Controllers\WeekOverview.php(56): CodeIgniter\Debug\Exceptions->errorHandler(2, 'Use of undefined constant dateInput - assumed \'dateInput\' (this will throw an Error in a future version of PHP)', 'APPPATH\\Controllers\\WeekOverview.php', 56, [])
 2 SYSTEMPATH\CodeIgniter.php(904): App\Controllers\WeekOverview->pickDate()
 3 SYSTEMPATH\CodeIgniter.php(457): CodeIgniter\CodeIgniter->runController(Object(App\Controllers\WeekOverview))
 4 SYSTEMPATH\CodeIgniter.php(340): CodeIgniter\CodeIgniter->handleRequest(null, Object(Config\Cache), false)
 5 FCPATH\index.php(67): CodeIgniter\CodeIgniter->run()
CRITICAL - 2022-09-16 13:52:27 --> Use of undefined constant dateInput - assumed 'dateInput' (this will throw an Error in a future version of PHP)
in APPPATH\Controllers\WeekOverview.php on line 56.
 1 APPPATH\Controllers\WeekOverview.php(56): CodeIgniter\Debug\Exceptions->errorHandler(2, 'Use of undefined constant dateInput - assumed \'dateInput\' (this will throw an Error in a future version of PHP)', 'APPPATH\\Controllers\\WeekOverview.php', 56, [])
 2 SYSTEMPATH\CodeIgniter.php(904): App\Controllers\WeekOverview->pickDate()
 3 SYSTEMPATH\CodeIgniter.php(457): CodeIgniter\CodeIgniter->runController(Object(App\Controllers\WeekOverview))
 4 SYSTEMPATH\CodeIgniter.php(340): CodeIgniter\CodeIgniter->handleRequest(null, Object(Config\Cache), false)
 5 FCPATH\index.php(67): CodeIgniter\CodeIgniter->run()
CRITICAL - 2022-09-16 13:52:53 --> Undefined variable: data
in APPPATH\Controllers\WeekOverview.php on line 56.
 1 APPPATH\Controllers\WeekOverview.php(56): CodeIgniter\Debug\Exceptions->errorHandler(8, 'Undefined variable: data', 'APPPATH\\Controllers\\WeekOverview.php', 56, [])
 2 SYSTEMPATH\CodeIgniter.php(904): App\Controllers\WeekOverview->pickDate()
 3 SYSTEMPATH\CodeIgniter.php(457): CodeIgniter\CodeIgniter->runController(Object(App\Controllers\WeekOverview))
 4 SYSTEMPATH\CodeIgniter.php(340): CodeIgniter\CodeIgniter->handleRequest(null, Object(Config\Cache), false)
 5 FCPATH\index.php(67): CodeIgniter\CodeIgniter->run()
CRITICAL - 2022-09-16 13:55:08 --> Use of undefined constant test - assumed 'test' (this will throw an Error in a future version of PHP)
in APPPATH\Controllers\WeekOverview.php on line 56.
 1 APPPATH\Controllers\WeekOverview.php(56): CodeIgniter\Debug\Exceptions->errorHandler(2, 'Use of undefined constant test - assumed \'test\' (this will throw an Error in a future version of PHP)', 'APPPATH\\Controllers\\WeekOverview.php', 56, [])
 2 SYSTEMPATH\CodeIgniter.php(904): App\Controllers\WeekOverview->pickDate()
 3 SYSTEMPATH\CodeIgniter.php(457): CodeIgniter\CodeIgniter->runController(Object(App\Controllers\WeekOverview))
 4 SYSTEMPATH\CodeIgniter.php(340): CodeIgniter\CodeIgniter->handleRequest(null, Object(Config\Cache), false)
 5 FCPATH\index.php(67): CodeIgniter\CodeIgniter->run()
CRITICAL - 2022-09-16 14:06:47 --> Undefined variable: week
in APPPATH\Views\pages\WeekOverview.php on line 4.
 1 APPPATH\Views\pages\WeekOverview.php(4): CodeIgniter\Debug\Exceptions->errorHandler(8, 'Undefined variable: week', 'APPPATH\\Views\\pages\\WeekOverview.php', 4, [...])
 2 SYSTEMPATH\View\View.php(213): include('APPPATH\\Views\\pages\\WeekOverview.php')
 3 SYSTEMPATH\View\View.php(216): CodeIgniter\View\View->CodeIgniter\View\{closure}()
 4 SYSTEMPATH\Common.php(1137): CodeIgniter\View\View->render('pages/WeekOverview', [], true)
 5 APPPATH\Controllers\WeekOverview.php(59): view('pages/WeekOverview', [...])
 6 SYSTEMPATH\CodeIgniter.php(904): App\Controllers\WeekOverview->pickDate()
 7 SYSTEMPATH\CodeIgniter.php(457): CodeIgniter\CodeIgniter->runController(Object(App\Controllers\WeekOverview))
 8 SYSTEMPATH\CodeIgniter.php(340): CodeIgniter\CodeIgniter->handleRequest(null, Object(Config\Cache), false)
 9 FCPATH\index.php(67): CodeIgniter\CodeIgniter->run()
CRITICAL - 2022-09-16 14:07:50 --> Undefined index: dataInput
in APPPATH\Controllers\WeekOverview.php on line 74.
 1 APPPATH\Controllers\WeekOverview.php(74): CodeIgniter\Debug\Exceptions->errorHandler(8, 'Undefined index: dataInput', 'APPPATH\\Controllers\\WeekOverview.php', 74, [...])
 2 SYSTEMPATH\CodeIgniter.php(904): App\Controllers\WeekOverview->pickDate()
 3 SYSTEMPATH\CodeIgniter.php(457): CodeIgniter\CodeIgniter->runController(Object(App\Controllers\WeekOverview))
 4 SYSTEMPATH\CodeIgniter.php(340): CodeIgniter\CodeIgniter->handleRequest(null, Object(Config\Cache), false)
 5 FCPATH\index.php(67): CodeIgniter\CodeIgniter->run()
CRITICAL - 2022-09-16 14:08:08 --> Undefined index: dateInput
in APPPATH\Controllers\WeekOverview.php on line 74.
 1 APPPATH\Controllers\WeekOverview.php(74): CodeIgniter\Debug\Exceptions->errorHandler(8, 'Undefined index: dateInput', 'APPPATH\\Controllers\\WeekOverview.php', 74, [...])
 2 SYSTEMPATH\CodeIgniter.php(904): App\Controllers\WeekOverview->pickDate()
 3 SYSTEMPATH\CodeIgniter.php(457): CodeIgniter\CodeIgniter->runController(Object(App\Controllers\WeekOverview))
 4 SYSTEMPATH\CodeIgniter.php(340): CodeIgniter\CodeIgniter->handleRequest(null, Object(Config\Cache), false)
 5 FCPATH\index.php(67): CodeIgniter\CodeIgniter->run()
CRITICAL - 2022-09-16 14:08:17 --> Undefined index: dateInput
in APPPATH\Controllers\WeekOverview.php on line 74.
 1 APPPATH\Controllers\WeekOverview.php(74): CodeIgniter\Debug\Exceptions->errorHandler(8, 'Undefined index: dateInput', 'APPPATH\\Controllers\\WeekOverview.php', 74, [...])
 2 SYSTEMPATH\CodeIgniter.php(904): App\Controllers\WeekOverview->pickDate()
 3 SYSTEMPATH\CodeIgniter.php(457): CodeIgniter\CodeIgniter->runController(Object(App\Controllers\WeekOverview))
 4 SYSTEMPATH\CodeIgniter.php(340): CodeIgniter\CodeIgniter->handleRequest(null, Object(Config\Cache), false)
 5 FCPATH\index.php(67): CodeIgniter\CodeIgniter->run()
CRITICAL - 2022-09-16 14:08:22 --> Undefined index: dateInput
in APPPATH\Controllers\WeekOverview.php on line 74.
 1 APPPATH\Controllers\WeekOverview.php(74): CodeIgniter\Debug\Exceptions->errorHandler(8, 'Undefined index: dateInput', 'APPPATH\\Controllers\\WeekOverview.php', 74, [...])
 2 SYSTEMPATH\CodeIgniter.php(904): App\Controllers\WeekOverview->pickDate()
 3 SYSTEMPATH\CodeIgniter.php(457): CodeIgniter\CodeIgniter->runController(Object(App\Controllers\WeekOverview))
 4 SYSTEMPATH\CodeIgniter.php(340): CodeIgniter\CodeIgniter->handleRequest(null, Object(Config\Cache), false)
 5 FCPATH\index.php(67): CodeIgniter\CodeIgniter->run()
CRITICAL - 2022-09-16 14:33:26 --> Undefined index: asd
in APPPATH\Controllers\WeekOverview.php on line 75.
 1 APPPATH\Controllers\WeekOverview.php(75): CodeIgniter\Debug\Exceptions->errorHandler(8, 'Undefined index: asd', 'APPPATH\\Controllers\\WeekOverview.php', 75, [...])
 2 SYSTEMPATH\CodeIgniter.php(904): App\Controllers\WeekOverview->pickDate()
 3 SYSTEMPATH\CodeIgniter.php(457): CodeIgniter\CodeIgniter->runController(Object(App\Controllers\WeekOverview))
 4 SYSTEMPATH\CodeIgniter.php(340): CodeIgniter\CodeIgniter->handleRequest(null, Object(Config\Cache), false)
 5 FCPATH\index.php(67): CodeIgniter\CodeIgniter->run()
CRITICAL - 2022-09-16 14:33:45 --> Undefined index: asd
in APPPATH\Controllers\WeekOverview.php on line 75.
 1 APPPATH\Controllers\WeekOverview.php(75): CodeIgniter\Debug\Exceptions->errorHandler(8, 'Undefined index: asd', 'APPPATH\\Controllers\\WeekOverview.php', 75, [...])
 2 SYSTEMPATH\CodeIgniter.php(904): App\Controllers\WeekOverview->pickDate()
 3 SYSTEMPATH\CodeIgniter.php(457): CodeIgniter\CodeIgniter->runController(Object(App\Controllers\WeekOverview))
 4 SYSTEMPATH\CodeIgniter.php(340): CodeIgniter\CodeIgniter->handleRequest(null, Object(Config\Cache), false)
 5 FCPATH\index.php(67): CodeIgniter\CodeIgniter->run()
CRITICAL - 2022-09-16 14:54:19 --> Call to a member function format() on string
in APPPATH\Controllers\WeekOverview.php on line 76.
 1 SYSTEMPATH\CodeIgniter.php(904): App\Controllers\WeekOverview->pickDate()
 2 SYSTEMPATH\CodeIgniter.php(457): CodeIgniter\CodeIgniter->runController(Object(App\Controllers\WeekOverview))
 3 SYSTEMPATH\CodeIgniter.php(340): CodeIgniter\CodeIgniter->handleRequest(null, Object(Config\Cache), false)
 4 FCPATH\index.php(67): CodeIgniter\CodeIgniter->run()
CRITICAL - 2022-09-16 14:55:34 --> syntax error, unexpected '->' (T_OBJECT_OPERATOR)
in APPPATH\Controllers\WeekOverview.php on line 76.
 1 SYSTEMPATH\Router\Router.php(499): CodeIgniter\Router\AutoRouter->getRoute('WeekOverview/pickDate')
 2 SYSTEMPATH\Router\Router.php(205): CodeIgniter\Router\Router->autoRoute('WeekOverview/pickDate')
 3 SYSTEMPATH\CodeIgniter.php(779): CodeIgniter\Router\Router->handle('WeekOverview/pickDate')
 4 SYSTEMPATH\CodeIgniter.php(406): CodeIgniter\CodeIgniter->tryToRouteIt(Object(CodeIgniter\Router\RouteCollection))
 5 SYSTEMPATH\CodeIgniter.php(340): CodeIgniter\CodeIgniter->handleRequest(null, Object(Config\Cache), false)
 6 FCPATH\index.php(67): CodeIgniter\CodeIgniter->run()
CRITICAL - 2022-09-16 14:57:13 --> Class 'App\Controllers\DateTime' not found
in APPPATH\Controllers\WeekOverview.php on line 76.
 1 SYSTEMPATH\CodeIgniter.php(904): App\Controllers\WeekOverview->pickDate()
 2 SYSTEMPATH\CodeIgniter.php(457): CodeIgniter\CodeIgniter->runController(Object(App\Controllers\WeekOverview))
 3 SYSTEMPATH\CodeIgniter.php(340): CodeIgniter\CodeIgniter->handleRequest(null, Object(Config\Cache), false)
 4 FCPATH\index.php(67): CodeIgniter\CodeIgniter->run()
CRITICAL - 2022-09-16 14:57:22 --> Class 'App\Controllers\DateTime' not found
in APPPATH\Controllers\WeekOverview.php on line 76.
 1 SYSTEMPATH\CodeIgniter.php(904): App\Controllers\WeekOverview->pickDate()
 2 SYSTEMPATH\CodeIgniter.php(457): CodeIgniter\CodeIgniter->runController(Object(App\Controllers\WeekOverview))
 3 SYSTEMPATH\CodeIgniter.php(340): CodeIgniter\CodeIgniter->handleRequest(null, Object(Config\Cache), false)
 4 FCPATH\index.php(67): CodeIgniter\CodeIgniter->run()
CRITICAL - 2022-09-16 14:57:31 --> Call to a member function format() on string
in APPPATH\Controllers\WeekOverview.php on line 77.
 1 SYSTEMPATH\CodeIgniter.php(904): App\Controllers\WeekOverview->pickDate()
 2 SYSTEMPATH\CodeIgniter.php(457): CodeIgniter\CodeIgniter->runController(Object(App\Controllers\WeekOverview))
 3 SYSTEMPATH\CodeIgniter.php(340): CodeIgniter\CodeIgniter->handleRequest(null, Object(Config\Cache), false)
 4 FCPATH\index.php(67): CodeIgniter\CodeIgniter->run()
CRITICAL - 2022-09-16 14:57:43 --> Undefined index: asd
in APPPATH\Controllers\WeekOverview.php on line 80.
 1 APPPATH\Controllers\WeekOverview.php(80): CodeIgniter\Debug\Exceptions->errorHandler(8, 'Undefined index: asd', 'APPPATH\\Controllers\\WeekOverview.php', 80, [...])
 2 SYSTEMPATH\CodeIgniter.php(904): App\Controllers\WeekOverview->pickDate()
 3 SYSTEMPATH\CodeIgniter.php(457): CodeIgniter\CodeIgniter->runController(Object(App\Controllers\WeekOverview))
 4 SYSTEMPATH\CodeIgniter.php(340): CodeIgniter\CodeIgniter->handleRequest(null, Object(Config\Cache), false)
 5 FCPATH\index.php(67): CodeIgniter\CodeIgniter->run()
CRITICAL - 2022-09-16 14:59:13 --> Object of class DateTime could not be converted to string
in APPPATH\Controllers\WeekOverview.php on line 79.
 1 SYSTEMPATH\CodeIgniter.php(904): App\Controllers\WeekOverview->pickDate()
 2 SYSTEMPATH\CodeIgniter.php(457): CodeIgniter\CodeIgniter->runController(Object(App\Controllers\WeekOverview))
 3 SYSTEMPATH\CodeIgniter.php(340): CodeIgniter\CodeIgniter->handleRequest(null, Object(Config\Cache), false)
 4 FCPATH\index.php(67): CodeIgniter\CodeIgniter->run()
CRITICAL - 2022-09-16 15:00:24 --> syntax error, unexpected ';', expecting ')'
in APPPATH\Controllers\WeekOverview.php on line 76.
 1 SYSTEMPATH\Router\Router.php(499): CodeIgniter\Router\AutoRouter->getRoute('WeekOverview/pickDate')
 2 SYSTEMPATH\Router\Router.php(205): CodeIgniter\Router\Router->autoRoute('WeekOverview/pickDate')
 3 SYSTEMPATH\CodeIgniter.php(779): CodeIgniter\Router\Router->handle('WeekOverview/pickDate')
 4 SYSTEMPATH\CodeIgniter.php(406): CodeIgniter\CodeIgniter->tryToRouteIt(Object(CodeIgniter\Router\RouteCollection))
 5 SYSTEMPATH\CodeIgniter.php(340): CodeIgniter\CodeIgniter->handleRequest(null, Object(Config\Cache), false)
 6 FCPATH\index.php(67): CodeIgniter\CodeIgniter->run()
CRITICAL - 2022-09-16 15:07:50 --> Object of class DateTime could not be converted to string
in APPPATH\Controllers\WeekOverview.php on line 76.
 1 SYSTEMPATH\CodeIgniter.php(904): App\Controllers\WeekOverview->pickDate()
 2 SYSTEMPATH\CodeIgniter.php(457): CodeIgniter\CodeIgniter->runController(Object(App\Controllers\WeekOverview))
 3 SYSTEMPATH\CodeIgniter.php(340): CodeIgniter\CodeIgniter->handleRequest(null, Object(Config\Cache), false)
 4 FCPATH\index.php(67): CodeIgniter\CodeIgniter->run()
CRITICAL - 2022-09-16 15:08:11 --> A non well formed numeric value encountered
in APPPATH\Controllers\WeekOverview.php on line 77.
 1 APPPATH\Controllers\WeekOverview.php(77): CodeIgniter\Debug\Exceptions->errorHandler(8, 'A non well formed numeric value encountered', 'APPPATH\\Controllers\\WeekOverview.php', 77, [...])
 2 SYSTEMPATH\CodeIgniter.php(904): App\Controllers\WeekOverview->pickDate()
 3 SYSTEMPATH\CodeIgniter.php(457): CodeIgniter\CodeIgniter->runController(Object(App\Controllers\WeekOverview))
 4 SYSTEMPATH\CodeIgniter.php(340): CodeIgniter\CodeIgniter->handleRequest(null, Object(Config\Cache), false)
 5 FCPATH\index.php(67): CodeIgniter\CodeIgniter->run()
CRITICAL - 2022-09-16 15:08:37 --> A non well formed numeric value encountered
in APPPATH\Controllers\WeekOverview.php on line 77.
 1 APPPATH\Controllers\WeekOverview.php(77): CodeIgniter\Debug\Exceptions->errorHandler(8, 'A non well formed numeric value encountered', 'APPPATH\\Controllers\\WeekOverview.php', 77, [...])
 2 SYSTEMPATH\CodeIgniter.php(904): App\Controllers\WeekOverview->pickDate()
 3 SYSTEMPATH\CodeIgniter.php(457): CodeIgniter\CodeIgniter->runController(Object(App\Controllers\WeekOverview))
 4 SYSTEMPATH\CodeIgniter.php(340): CodeIgniter\CodeIgniter->handleRequest(null, Object(Config\Cache), false)
 5 FCPATH\index.php(67): CodeIgniter\CodeIgniter->run()
CRITICAL - 2022-09-16 15:28:09 --> strtotime() expects parameter 1 to be string, object given
in APPPATH\Controllers\WeekOverview.php on line 65.
 1 [internal function]: CodeIgniter\Debug\Exceptions->errorHandler(2, 'strtotime() expects parameter 1 to be string, object given', 'APPPATH\\Controllers\\WeekOverview.php', 65, [...])
 2 APPPATH\Controllers\WeekOverview.php(65): strtotime(Object(DateTime))
 3 SYSTEMPATH\CodeIgniter.php(904): App\Controllers\WeekOverview->pickDate()
 4 SYSTEMPATH\CodeIgniter.php(457): CodeIgniter\CodeIgniter->runController(Object(App\Controllers\WeekOverview))
 5 SYSTEMPATH\CodeIgniter.php(340): CodeIgniter\CodeIgniter->handleRequest(null, Object(Config\Cache), false)
 6 FCPATH\index.php(67): CodeIgniter\CodeIgniter->run()
CRITICAL - 2022-09-16 15:52:48 --> Object of class DateTime could not be converted to string
in APPPATH\Controllers\WeekOverview.php on line 79.
 1 SYSTEMPATH\CodeIgniter.php(904): App\Controllers\WeekOverview->pickDate()
 2 SYSTEMPATH\CodeIgniter.php(457): CodeIgniter\CodeIgniter->runController(Object(App\Controllers\WeekOverview))
 3 SYSTEMPATH\CodeIgniter.php(340): CodeIgniter\CodeIgniter->handleRequest(null, Object(Config\Cache), false)
 4 FCPATH\index.php(67): CodeIgniter\CodeIgniter->run()
CRITICAL - 2022-09-16 15:53:16 --> syntax error, unexpected 'echo' (T_ECHO), expecting ';' or ','
in APPPATH\Controllers\WeekOverview.php on line 80.
 1 SYSTEMPATH\Router\Router.php(499): CodeIgniter\Router\AutoRouter->getRoute('WeekOverview/pickDate')
 2 SYSTEMPATH\Router\Router.php(205): CodeIgniter\Router\Router->autoRoute('WeekOverview/pickDate')
 3 SYSTEMPATH\CodeIgniter.php(779): CodeIgniter\Router\Router->handle('WeekOverview/pickDate')
 4 SYSTEMPATH\CodeIgniter.php(406): CodeIgniter\CodeIgniter->tryToRouteIt(Object(CodeIgniter\Router\RouteCollection))
 5 SYSTEMPATH\CodeIgniter.php(340): CodeIgniter\CodeIgniter->handleRequest(null, Object(Config\Cache), false)
 6 FCPATH\index.php(67): CodeIgniter\CodeIgniter->run()
CRITICAL - 2022-09-16 15:53:21 --> syntax error, unexpected 'echo' (T_ECHO), expecting ';' or ','
in APPPATH\Controllers\WeekOverview.php on line 80.
 1 SYSTEMPATH\Router\Router.php(499): CodeIgniter\Router\AutoRouter->getRoute('WeekOverview')
 2 SYSTEMPATH\Router\Router.php(205): CodeIgniter\Router\Router->autoRoute('WeekOverview')
 3 SYSTEMPATH\CodeIgniter.php(779): CodeIgniter\Router\Router->handle('WeekOverview')
 4 SYSTEMPATH\CodeIgniter.php(406): CodeIgniter\CodeIgniter->tryToRouteIt(Object(CodeIgniter\Router\RouteCollection))
 5 SYSTEMPATH\CodeIgniter.php(340): CodeIgniter\CodeIgniter->handleRequest(null, Object(Config\Cache), false)
 6 FCPATH\index.php(67): CodeIgniter\CodeIgniter->run()
CRITICAL - 2022-09-16 15:53:26 --> syntax error, unexpected 'echo' (T_ECHO), expecting ';' or ','
in APPPATH\Controllers\WeekOverview.php on line 80.
 1 SYSTEMPATH\Router\Router.php(499): CodeIgniter\Router\AutoRouter->getRoute('WeekOverview')
 2 SYSTEMPATH\Router\Router.php(205): CodeIgniter\Router\Router->autoRoute('WeekOverview')
 3 SYSTEMPATH\CodeIgniter.php(779): CodeIgniter\Router\Router->handle('WeekOverview')
 4 SYSTEMPATH\CodeIgniter.php(406): CodeIgniter\CodeIgniter->tryToRouteIt(Object(CodeIgniter\Router\RouteCollection))
 5 SYSTEMPATH\CodeIgniter.php(340): CodeIgniter\CodeIgniter->handleRequest(null, Object(Config\Cache), false)
 6 FCPATH\index.php(67): CodeIgniter\CodeIgniter->run()
CRITICAL - 2022-09-16 15:53:34 --> syntax error, unexpected 'echo' (T_ECHO), expecting ';' or ','
in APPPATH\Controllers\WeekOverview.php on line 81.
 1 SYSTEMPATH\Router\Router.php(499): CodeIgniter\Router\AutoRouter->getRoute('WeekOverview')
 2 SYSTEMPATH\Router\Router.php(205): CodeIgniter\Router\Router->autoRoute('WeekOverview')
 3 SYSTEMPATH\CodeIgniter.php(779): CodeIgniter\Router\Router->handle('WeekOverview')
 4 SYSTEMPATH\CodeIgniter.php(406): CodeIgniter\CodeIgniter->tryToRouteIt(Object(CodeIgniter\Router\RouteCollection))
 5 SYSTEMPATH\CodeIgniter.php(340): CodeIgniter\CodeIgniter->handleRequest(null, Object(Config\Cache), false)
 6 FCPATH\index.php(67): CodeIgniter\CodeIgniter->run()
CRITICAL - 2022-09-16 15:53:53 --> syntax error, unexpected '}', expecting ';' or ','
in APPPATH\Controllers\WeekOverview.php on line 83.
 1 SYSTEMPATH\Router\Router.php(499): CodeIgniter\Router\AutoRouter->getRoute('WeekOverview')
 2 SYSTEMPATH\Router\Router.php(205): CodeIgniter\Router\Router->autoRoute('WeekOverview')
 3 SYSTEMPATH\CodeIgniter.php(779): CodeIgniter\Router\Router->handle('WeekOverview')
 4 SYSTEMPATH\CodeIgniter.php(406): CodeIgniter\CodeIgniter->tryToRouteIt(Object(CodeIgniter\Router\RouteCollection))
 5 SYSTEMPATH\CodeIgniter.php(340): CodeIgniter\CodeIgniter->handleRequest(null, Object(Config\Cache), false)
 6 FCPATH\index.php(67): CodeIgniter\CodeIgniter->run()
CRITICAL - 2022-09-16 15:59:04 --> Call to a member function modify() on string
in APPPATH\Controllers\WeekOverview.php on line 67.
 1 SYSTEMPATH\CodeIgniter.php(904): App\Controllers\WeekOverview->pickDate()
 2 SYSTEMPATH\CodeIgniter.php(457): CodeIgniter\CodeIgniter->runController(Object(App\Controllers\WeekOverview))
 3 SYSTEMPATH\CodeIgniter.php(340): CodeIgniter\CodeIgniter->handleRequest(null, Object(Config\Cache), false)
 4 FCPATH\index.php(67): CodeIgniter\CodeIgniter->run()
